The system is: Linux - 5.4.0-58-generic - x86_64
Compiling the C compiler identification source file "CMakeCCompilerId.c" succeeded.
Compiler: /usr/bin/cc 
Build flags: 
Id flags:  

The output was:
0


Compilation of the C compiler identification source "CMakeCCompilerId.c" produced "a.out"

The C compiler identification is GNU, found in "/home/ollie/freerdp/FreeRDP/CMakeFiles/3.16.3/CompilerIdC/a.out"

Compiling the CXX compiler identification source file "CMakeCXXCompilerId.cpp" succeeded.
Compiler: /usr/bin/c++ 
Build flags: 
Id flags:  

The output was:
0


Compilation of the CXX compiler identification source "CMakeCXXCompilerId.cpp" produced "a.out"

The CXX compiler identification is GNU, found in "/home/ollie/freerdp/FreeRDP/CMakeFiles/3.16.3/CompilerIdCXX/a.out"

Determining if the C compiler works passed with the following output:
Change Dir: /home/ollie/freerdp/FreeRDP/CMakeFiles/CMakeTmp

Run Build Command(s):/usr/bin/make cmTC_41f35/fast && /usr/bin/make -f CMakeFiles/cmTC_41f35.dir/build.make CMakeFiles/cmTC_41f35.dir/build
make[1]: Entering directory '/home/ollie/freerdp/FreeRDP/CMakeFiles/CMakeTmp'
Building C object CMakeFiles/cmTC_41f35.dir/testCCompiler.c.o
/usr/bin/cc    -o CMakeFiles/cmTC_41f35.dir/testCCompiler.c.o   -c /home/ollie/freerdp/FreeRDP/CMakeFiles/CMakeTmp/testCCompiler.c
Linking C executable cmTC_41f35
/usr/bin/cmake -E cmake_link_script CMakeFiles/cmTC_41f35.dir/link.txt --verbose=1
/usr/bin/cc      -rdynamic CMakeFiles/cmTC_41f35.dir/testCCompiler.c.o  -o cmTC_41f35 
make[1]: Leaving directory '/home/ollie/freerdp/FreeRDP/CMakeFiles/CMakeTmp'



Detecting C compiler ABI info compiled with the following output:
Change Dir: /home/ollie/freerdp/FreeRDP/CMakeFiles/CMakeTmp

Run Build Command(s):/usr/bin/make cmTC_14e1c/fast && /usr/bin/make -f CMakeFiles/cmTC_14e1c.dir/build.make CMakeFiles/cmTC_14e1c.dir/build
make[1]: Entering directory '/home/ollie/freerdp/FreeRDP/CMakeFiles/CMakeTmp'
Building C object CMakeFiles/cmTC_14e1c.dir/CMakeCCompilerABI.c.o
/usr/bin/cc   -v -o CMakeFiles/cmTC_14e1c.dir/CMakeCCompilerABI.c.o   -c /usr/share/cmake-3.16/Modules/CMakeCCompilerABI.c
Using built-in specs.
COLLECT_GCC=/usr/bin/cc
OFFLOAD_TARGET_NAMES=nvptx-none:hsa
OFFLOAD_TARGET_DEFAULT=1
Target: x86_64-linux-gnu
Configured with: ../src/configure -v --with-pkgversion='Ubuntu 9.3.0-17ubuntu1~20.04' --with-bugurl=file:///usr/share/doc/gcc-9/README.Bugs --enable-languages=c,ada,c++,go,brig,d,fortran,objc,obj-c++,gm2 --prefix=/usr --with-gcc-major-version-only --program-suffix=-9 --program-prefix=x86_64-linux-gnu- --enable-shared --enable-linker-build-id --libexecdir=/usr/lib --without-included-gettext --enable-threads=posix --libdir=/usr/lib --enable-nls --enable-clocale=gnu --enable-libstdcxx-debug --enable-libstdcxx-time=yes --with-default-libstdcxx-abi=new --enable-gnu-unique-object --disable-vtable-verify --enable-plugin --enable-default-pie --with-system-zlib --with-target-system-zlib=auto --enable-objc-gc=auto --enable-multiarch --disable-werror --with-arch-32=i686 --with-abi=m64 --with-multilib-list=m32,m64,mx32 --enable-multilib --with-tune=generic --enable-offload-targets=nvptx-none=/build/gcc-9-HskZEa/gcc-9-9.3.0/debian/tmp-nvptx/usr,hsa --without-cuda-driver --enable-checking=release --build=x86_64-linux-gnu --host=x86_64-linux-gnu --target=x86_64-linux-gnu
Thread model: posix
gcc version 9.3.0 (Ubuntu 9.3.0-17ubuntu1~20.04) 
COLLECT_GCC_OPTIONS='-v' '-o' 'CMakeFiles/cmTC_14e1c.dir/CMakeCCompilerABI.c.o' '-c' '-mtune=generic' '-march=x86-64'
 /usr/lib/gcc/x86_64-linux-gnu/9/cc1 -quiet -v -imultiarch x86_64-linux-gnu /usr/share/cmake-3.16/Modules/CMakeCCompilerABI.c -quiet -dumpbase CMakeCCompilerABI.c -mtune=generic -march=x86-64 -auxbase-strip CMakeFiles/cmTC_14e1c.dir/CMakeCCompilerABI.c.o -version -fasynchronous-unwind-tables -fstack-protector-strong -Wformat -Wformat-security -fstack-clash-protection -fcf-protection -o /tmp/ccvKYUfe.s
GNU C17 (Ubuntu 9.3.0-17ubuntu1~20.04) version 9.3.0 (x86_64-linux-gnu)
	compiled by GNU C version 9.3.0, GMP version 6.2.0, MPFR version 4.0.2, MPC version 1.1.0, isl version isl-0.22.1-GMP

GGC heuristics: --param ggc-min-expand=100 --param ggc-min-heapsize=131072
ignoring nonexistent directory "/usr/local/include/x86_64-linux-gnu"
ignoring nonexistent directory "/usr/lib/gcc/x86_64-linux-gnu/9/include-fixed"
ignoring nonexistent directory "/usr/lib/gcc/x86_64-linux-gnu/9/../../../../x86_64-linux-gnu/include"
#include "..." search starts here:
#include <...> search starts here:
 /usr/lib/gcc/x86_64-linux-gnu/9/include
 /usr/local/include
 /usr/include/x86_64-linux-gnu
 /usr/include
End of search list.
GNU C17 (Ubuntu 9.3.0-17ubuntu1~20.04) version 9.3.0 (x86_64-linux-gnu)
	compiled by GNU C version 9.3.0, GMP version 6.2.0, MPFR version 4.0.2, MPC version 1.1.0, isl version isl-0.22.1-GMP

GGC heuristics: --param ggc-min-expand=100 --param ggc-min-heapsize=131072
Compiler executable checksum: bbf13931d8de1abe14040c9909cb6969
COLLECT_GCC_OPTIONS='-v' '-o' 'CMakeFiles/cmTC_14e1c.dir/CMakeCCompilerABI.c.o' '-c' '-mtune=generic' '-march=x86-64'
 as -v --64 -o CMakeFiles/cmTC_14e1c.dir/CMakeCCompilerABI.c.o /tmp/ccvKYUfe.s
GNU assembler version 2.34 (x86_64-linux-gnu) using BFD version (GNU Binutils for Ubuntu) 2.34
COMPILER_PATH=/usr/lib/gcc/x86_64-linux-gnu/9/:/usr/lib/gcc/x86_64-linux-gnu/9/:/usr/lib/gcc/x86_64-linux-gnu/:/usr/lib/gcc/x86_64-linux-gnu/9/:/usr/lib/gcc/x86_64-linux-gnu/
LIBRARY_PATH=/usr/lib/gcc/x86_64-linux-gnu/9/:/usr/lib/gcc/x86_64-linux-gnu/9/../../../x86_64-linux-gnu/:/usr/lib/gcc/x86_64-linux-gnu/9/../../../../lib/:/lib/x86_64-linux-gnu/:/lib/../lib/:/usr/lib/x86_64-linux-gnu/:/usr/lib/../lib/:/usr/lib/gcc/x86_64-linux-gnu/9/../../../:/lib/:/usr/lib/
COLLECT_GCC_OPTIONS='-v' '-o' 'CMakeFiles/cmTC_14e1c.dir/CMakeCCompilerABI.c.o' '-c' '-mtune=generic' '-march=x86-64'
Linking C executable cmTC_14e1c
/usr/bin/cmake -E cmake_link_script CMakeFiles/cmTC_14e1c.dir/link.txt --verbose=1
/usr/bin/cc     -v -rdynamic CMakeFiles/cmTC_14e1c.dir/CMakeCCompilerABI.c.o  -o cmTC_14e1c 
Using built-in specs.
COLLECT_GCC=/usr/bin/cc
COLLECT_LTO_WRAPPER=/usr/lib/gcc/x86_64-linux-gnu/9/lto-wrapper
OFFLOAD_TARGET_NAMES=nvptx-none:hsa
OFFLOAD_TARGET_DEFAULT=1
Target: x86_64-linux-gnu
Configured with: ../src/configure -v --with-pkgversion='Ubuntu 9.3.0-17ubuntu1~20.04' --with-bugurl=file:///usr/share/doc/gcc-9/README.Bugs --enable-languages=c,ada,c++,go,brig,d,fortran,objc,obj-c++,gm2 --prefix=/usr --with-gcc-major-version-only --program-suffix=-9 --program-prefix=x86_64-linux-gnu- --enable-shared --enable-linker-build-id --libexecdir=/usr/lib --without-included-gettext --enable-threads=posix --libdir=/usr/lib --enable-nls --enable-clocale=gnu --enable-libstdcxx-debug --enable-libstdcxx-time=yes --with-default-libstdcxx-abi=new --enable-gnu-unique-object --disable-vtable-verify --enable-plugin --enable-default-pie --with-system-zlib --with-target-system-zlib=auto --enable-objc-gc=auto --enable-multiarch --disable-werror --with-arch-32=i686 --with-abi=m64 --with-multilib-list=m32,m64,mx32 --enable-multilib --with-tune=generic --enable-offload-targets=nvptx-none=/build/gcc-9-HskZEa/gcc-9-9.3.0/debian/tmp-nvptx/usr,hsa --without-cuda-driver --enable-checking=release --build=x86_64-linux-gnu --host=x86_64-linux-gnu --target=x86_64-linux-gnu
Thread model: posix
gcc version 9.3.0 (Ubuntu 9.3.0-17ubuntu1~20.04) 
COMPILER_PATH=/usr/lib/gcc/x86_64-linux-gnu/9/:/usr/lib/gcc/x86_64-linux-gnu/9/:/usr/lib/gcc/x86_64-linux-gnu/:/usr/lib/gcc/x86_64-linux-gnu/9/:/usr/lib/gcc/x86_64-linux-gnu/
LIBRARY_PATH=/usr/lib/gcc/x86_64-linux-gnu/9/:/usr/lib/gcc/x86_64-linux-gnu/9/../../../x86_64-linux-gnu/:/usr/lib/gcc/x86_64-linux-gnu/9/../../../../lib/:/lib/x86_64-linux-gnu/:/lib/../lib/:/usr/lib/x86_64-linux-gnu/:/usr/lib/../lib/:/usr/lib/gcc/x86_64-linux-gnu/9/../../../:/lib/:/usr/lib/
COLLECT_GCC_OPTIONS='-v' '-rdynamic' '-o' 'cmTC_14e1c' '-mtune=generic' '-march=x86-64'
 /usr/lib/gcc/x86_64-linux-gnu/9/collect2 -plugin /usr/lib/gcc/x86_64-linux-gnu/9/liblto_plugin.so -plugin-opt=/usr/lib/gcc/x86_64-linux-gnu/9/lto-wrapper -plugin-opt=-fresolution=/tmp/ccf1kboG.res -plugin-opt=-pass-through=-lgcc -plugin-opt=-pass-through=-lgcc_s -plugin-opt=-pass-through=-lc -plugin-opt=-pass-through=-lgcc -plugin-opt=-pass-through=-lgcc_s --build-id --eh-frame-hdr -m elf_x86_64 --hash-style=gnu --as-needed -export-dynamic -dynamic-linker /lib64/ld-linux-x86-64.so.2 -pie -z now -z relro -o cmTC_14e1c /usr/lib/gcc/x86_64-linux-gnu/9/../../../x86_64-linux-gnu/Scrt1.o /usr/lib/gcc/x86_64-linux-gnu/9/../../../x86_64-linux-gnu/crti.o /usr/lib/gcc/x86_64-linux-gnu/9/crtbeginS.o -L/usr/lib/gcc/x86_64-linux-gnu/9 -L/usr/lib/gcc/x86_64-linux-gnu/9/../../../x86_64-linux-gnu -L/usr/lib/gcc/x86_64-linux-gnu/9/../../../../lib -L/lib/x86_64-linux-gnu -L/lib/../lib -L/usr/lib/x86_64-linux-gnu -L/usr/lib/../lib -L/usr/lib/gcc/x86_64-linux-gnu/9/../../.. CMakeFiles/cmTC_14e1c.dir/CMakeCCompilerABI.c.o -lgcc --push-state --as-needed -lgcc_s --pop-state -lc -lgcc --push-state --as-needed -lgcc_s --pop-state /usr/lib/gcc/x86_64-linux-gnu/9/crtendS.o /usr/lib/gcc/x86_64-linux-gnu/9/../../../x86_64-linux-gnu/crtn.o
COLLECT_GCC_OPTIONS='-v' '-rdynamic' '-o' 'cmTC_14e1c' '-mtune=generic' '-march=x86-64'
make[1]: Leaving directory '/home/ollie/freerdp/FreeRDP/CMakeFiles/CMakeTmp'



Parsed C implicit include dir info from above output: rv=done
  found start of include info
  found start of implicit include info
    add: [/usr/lib/gcc/x86_64-linux-gnu/9/include]
    add: [/usr/local/include]
    add: [/usr/include/x86_64-linux-gnu]
    add: [/usr/include]
  end of search list found
  collapse include dir [/usr/lib/gcc/x86_64-linux-gnu/9/include] ==> [/usr/lib/gcc/x86_64-linux-gnu/9/include]
  collapse include dir [/usr/local/include] ==> [/usr/local/include]
  collapse include dir [/usr/include/x86_64-linux-gnu] ==> [/usr/include/x86_64-linux-gnu]
  collapse include dir [/usr/include] ==> [/usr/include]
  implicit include dirs: [/usr/lib/gcc/x86_64-linux-gnu/9/include;/usr/local/include;/usr/include/x86_64-linux-gnu;/usr/include]


Parsed C implicit link information from above output:
  link line regex: [^( *|.*[/\])(ld|CMAKE_LINK_STARTFILE-NOTFOUND|([^/\]+-)?ld|collect2)[^/\]*( |$)]
  ignore line: [Change Dir: /home/ollie/freerdp/FreeRDP/CMakeFiles/CMakeTmp]
  ignore line: []
  ignore line: [Run Build Command(s):/usr/bin/make cmTC_14e1c/fast && /usr/bin/make -f CMakeFiles/cmTC_14e1c.dir/build.make CMakeFiles/cmTC_14e1c.dir/build]
  ignore line: [make[1]: Entering directory '/home/ollie/freerdp/FreeRDP/CMakeFiles/CMakeTmp']
  ignore line: [Building C object CMakeFiles/cmTC_14e1c.dir/CMakeCCompilerABI.c.o]
  ignore line: [/usr/bin/cc   -v -o CMakeFiles/cmTC_14e1c.dir/CMakeCCompilerABI.c.o   -c /usr/share/cmake-3.16/Modules/CMakeCCompilerABI.c]
  ignore line: [Using built-in specs.]
  ignore line: [COLLECT_GCC=/usr/bin/cc]
  ignore line: [OFFLOAD_TARGET_NAMES=nvptx-none:hsa]
  ignore line: [OFFLOAD_TARGET_DEFAULT=1]
  ignore line: [Target: x86_64-linux-gnu]
  ignore line: [Configured with: ../src/configure -v --with-pkgversion='Ubuntu 9.3.0-17ubuntu1~20.04' --with-bugurl=file:///usr/share/doc/gcc-9/README.Bugs --enable-languages=c ada c++ go brig d fortran objc obj-c++ gm2 --prefix=/usr --with-gcc-major-version-only --program-suffix=-9 --program-prefix=x86_64-linux-gnu- --enable-shared --enable-linker-build-id --libexecdir=/usr/lib --without-included-gettext --enable-threads=posix --libdir=/usr/lib --enable-nls --enable-clocale=gnu --enable-libstdcxx-debug --enable-libstdcxx-time=yes --with-default-libstdcxx-abi=new --enable-gnu-unique-object --disable-vtable-verify --enable-plugin --enable-default-pie --with-system-zlib --with-target-system-zlib=auto --enable-objc-gc=auto --enable-multiarch --disable-werror --with-arch-32=i686 --with-abi=m64 --with-multilib-list=m32 m64 mx32 --enable-multilib --with-tune=generic --enable-offload-targets=nvptx-none=/build/gcc-9-HskZEa/gcc-9-9.3.0/debian/tmp-nvptx/usr hsa --without-cuda-driver --enable-checking=release --build=x86_64-linux-gnu --host=x86_64-linux-gnu --target=x86_64-linux-gnu]
  ignore line: [Thread model: posix]
  ignore line: [gcc version 9.3.0 (Ubuntu 9.3.0-17ubuntu1~20.04) ]
  ignore line: [COLLECT_GCC_OPTIONS='-v' '-o' 'CMakeFiles/cmTC_14e1c.dir/CMakeCCompilerABI.c.o' '-c' '-mtune=generic' '-march=x86-64']
  ignore line: [ /usr/lib/gcc/x86_64-linux-gnu/9/cc1 -quiet -v -imultiarch x86_64-linux-gnu /usr/share/cmake-3.16/Modules/CMakeCCompilerABI.c -quiet -dumpbase CMakeCCompilerABI.c -mtune=generic -march=x86-64 -auxbase-strip CMakeFiles/cmTC_14e1c.dir/CMakeCCompilerABI.c.o -version -fasynchronous-unwind-tables -fstack-protector-strong -Wformat -Wformat-security -fstack-clash-protection -fcf-protection -o /tmp/ccvKYUfe.s]
  ignore line: [GNU C17 (Ubuntu 9.3.0-17ubuntu1~20.04) version 9.3.0 (x86_64-linux-gnu)]
  ignore line: [	compiled by GNU C version 9.3.0  GMP version 6.2.0  MPFR version 4.0.2  MPC version 1.1.0  isl version isl-0.22.1-GMP]
  ignore line: []
  ignore line: [GGC heuristics: --param ggc-min-expand=100 --param ggc-min-heapsize=131072]
  ignore line: [ignoring nonexistent directory "/usr/local/include/x86_64-linux-gnu"]
  ignore line: [ignoring nonexistent directory "/usr/lib/gcc/x86_64-linux-gnu/9/include-fixed"]
  ignore line: [ignoring nonexistent directory "/usr/lib/gcc/x86_64-linux-gnu/9/../../../../x86_64-linux-gnu/include"]
  ignore line: [#include "..." search starts here:]
  ignore line: [#include <...> search starts here:]
  ignore line: [ /usr/lib/gcc/x86_64-linux-gnu/9/include]
  ignore line: [ /usr/local/include]
  ignore line: [ /usr/include/x86_64-linux-gnu]
  ignore line: [ /usr/include]
  ignore line: [End of search list.]
  ignore line: [GNU C17 (Ubuntu 9.3.0-17ubuntu1~20.04) version 9.3.0 (x86_64-linux-gnu)]
  ignore line: [	compiled by GNU C version 9.3.0  GMP version 6.2.0  MPFR version 4.0.2  MPC version 1.1.0  isl version isl-0.22.1-GMP]
  ignore line: []
  ignore line: [GGC heuristics: --param ggc-min-expand=100 --param ggc-min-heapsize=131072]
  ignore line: [Compiler executable checksum: bbf13931d8de1abe14040c9909cb6969]
  ignore line: [COLLECT_GCC_OPTIONS='-v' '-o' 'CMakeFiles/cmTC_14e1c.dir/CMakeCCompilerABI.c.o' '-c' '-mtune=generic' '-march=x86-64']
  ignore line: [ as -v --64 -o CMakeFiles/cmTC_14e1c.dir/CMakeCCompilerABI.c.o /tmp/ccvKYUfe.s]
  ignore line: [GNU assembler version 2.34 (x86_64-linux-gnu) using BFD version (GNU Binutils for Ubuntu) 2.34]
  ignore line: [COMPILER_PATH=/usr/lib/gcc/x86_64-linux-gnu/9/:/usr/lib/gcc/x86_64-linux-gnu/9/:/usr/lib/gcc/x86_64-linux-gnu/:/usr/lib/gcc/x86_64-linux-gnu/9/:/usr/lib/gcc/x86_64-linux-gnu/]
  ignore line: [LIBRARY_PATH=/usr/lib/gcc/x86_64-linux-gnu/9/:/usr/lib/gcc/x86_64-linux-gnu/9/../../../x86_64-linux-gnu/:/usr/lib/gcc/x86_64-linux-gnu/9/../../../../lib/:/lib/x86_64-linux-gnu/:/lib/../lib/:/usr/lib/x86_64-linux-gnu/:/usr/lib/../lib/:/usr/lib/gcc/x86_64-linux-gnu/9/../../../:/lib/:/usr/lib/]
  ignore line: [COLLECT_GCC_OPTIONS='-v' '-o' 'CMakeFiles/cmTC_14e1c.dir/CMakeCCompilerABI.c.o' '-c' '-mtune=generic' '-march=x86-64']
  ignore line: [Linking C executable cmTC_14e1c]
  ignore line: [/usr/bin/cmake -E cmake_link_script CMakeFiles/cmTC_14e1c.dir/link.txt --verbose=1]
  ignore line: [/usr/bin/cc     -v -rdynamic CMakeFiles/cmTC_14e1c.dir/CMakeCCompilerABI.c.o  -o cmTC_14e1c ]
  ignore line: [Using built-in specs.]
  ignore line: [COLLECT_GCC=/usr/bin/cc]
  ignore line: [COLLECT_LTO_WRAPPER=/usr/lib/gcc/x86_64-linux-gnu/9/lto-wrapper]
  ignore line: [OFFLOAD_TARGET_NAMES=nvptx-none:hsa]
  ignore line: [OFFLOAD_TARGET_DEFAULT=1]
  ignore line: [Target: x86_64-linux-gnu]
  ignore line: [Configured with: ../src/configure -v --with-pkgversion='Ubuntu 9.3.0-17ubuntu1~20.04' --with-bugurl=file:///usr/share/doc/gcc-9/README.Bugs --enable-languages=c ada c++ go brig d fortran objc obj-c++ gm2 --prefix=/usr --with-gcc-major-version-only --program-suffix=-9 --program-prefix=x86_64-linux-gnu- --enable-shared --enable-linker-build-id --libexecdir=/usr/lib --without-included-gettext --enable-threads=posix --libdir=/usr/lib --enable-nls --enable-clocale=gnu --enable-libstdcxx-debug --enable-libstdcxx-time=yes --with-default-libstdcxx-abi=new --enable-gnu-unique-object --disable-vtable-verify --enable-plugin --enable-default-pie --with-system-zlib --with-target-system-zlib=auto --enable-objc-gc=auto --enable-multiarch --disable-werror --with-arch-32=i686 --with-abi=m64 --with-multilib-list=m32 m64 mx32 --enable-multilib --with-tune=generic --enable-offload-targets=nvptx-none=/build/gcc-9-HskZEa/gcc-9-9.3.0/debian/tmp-nvptx/usr hsa --without-cuda-driver --enable-checking=release --build=x86_64-linux-gnu --host=x86_64-linux-gnu --target=x86_64-linux-gnu]
  ignore line: [Thread model: posix]
  ignore line: [gcc version 9.3.0 (Ubuntu 9.3.0-17ubuntu1~20.04) ]
  ignore line: [COMPILER_PATH=/usr/lib/gcc/x86_64-linux-gnu/9/:/usr/lib/gcc/x86_64-linux-gnu/9/:/usr/lib/gcc/x86_64-linux-gnu/:/usr/lib/gcc/x86_64-linux-gnu/9/:/usr/lib/gcc/x86_64-linux-gnu/]
  ignore line: [LIBRARY_PATH=/usr/lib/gcc/x86_64-linux-gnu/9/:/usr/lib/gcc/x86_64-linux-gnu/9/../../../x86_64-linux-gnu/:/usr/lib/gcc/x86_64-linux-gnu/9/../../../../lib/:/lib/x86_64-linux-gnu/:/lib/../lib/:/usr/lib/x86_64-linux-gnu/:/usr/lib/../lib/:/usr/lib/gcc/x86_64-linux-gnu/9/../../../:/lib/:/usr/lib/]
  ignore line: [COLLECT_GCC_OPTIONS='-v' '-rdynamic' '-o' 'cmTC_14e1c' '-mtune=generic' '-march=x86-64']
  link line: [ /usr/lib/gcc/x86_64-linux-gnu/9/collect2 -plugin /usr/lib/gcc/x86_64-linux-gnu/9/liblto_plugin.so -plugin-opt=/usr/lib/gcc/x86_64-linux-gnu/9/lto-wrapper -plugin-opt=-fresolution=/tmp/ccf1kboG.res -plugin-opt=-pass-through=-lgcc -plugin-opt=-pass-through=-lgcc_s -plugin-opt=-pass-through=-lc -plugin-opt=-pass-through=-lgcc -plugin-opt=-pass-through=-lgcc_s --build-id --eh-frame-hdr -m elf_x86_64 --hash-style=gnu --as-needed -export-dynamic -dynamic-linker /lib64/ld-linux-x86-64.so.2 -pie -z now -z relro -o cmTC_14e1c /usr/lib/gcc/x86_64-linux-gnu/9/../../../x86_64-linux-gnu/Scrt1.o /usr/lib/gcc/x86_64-linux-gnu/9/../../../x86_64-linux-gnu/crti.o /usr/lib/gcc/x86_64-linux-gnu/9/crtbeginS.o -L/usr/lib/gcc/x86_64-linux-gnu/9 -L/usr/lib/gcc/x86_64-linux-gnu/9/../../../x86_64-linux-gnu -L/usr/lib/gcc/x86_64-linux-gnu/9/../../../../lib -L/lib/x86_64-linux-gnu -L/lib/../lib -L/usr/lib/x86_64-linux-gnu -L/usr/lib/../lib -L/usr/lib/gcc/x86_64-linux-gnu/9/../../.. CMakeFiles/cmTC_14e1c.dir/CMakeCCompilerABI.c.o -lgcc --push-state --as-needed -lgcc_s --pop-state -lc -lgcc --push-state --as-needed -lgcc_s --pop-state /usr/lib/gcc/x86_64-linux-gnu/9/crtendS.o /usr/lib/gcc/x86_64-linux-gnu/9/../../../x86_64-linux-gnu/crtn.o]
    arg [/usr/lib/gcc/x86_64-linux-gnu/9/collect2] ==> ignore
    arg [-plugin] ==> ignore
    arg [/usr/lib/gcc/x86_64-linux-gnu/9/liblto_plugin.so] ==> ignore
    arg [-plugin-opt=/usr/lib/gcc/x86_64-linux-gnu/9/lto-wrapper] ==> ignore
    arg [-plugin-opt=-fresolution=/tmp/ccf1kboG.res] ==> ignore
    arg [-plugin-opt=-pass-through=-lgcc] ==> ignore
    arg [-plugin-opt=-pass-through=-lgcc_s] ==> ignore
    arg [-plugin-opt=-pass-through=-lc] ==> ignore
    arg [-plugin-opt=-pass-through=-lgcc] ==> ignore
    arg [-plugin-opt=-pass-through=-lgcc_s] ==> ignore
    arg [--build-id] ==> ignore
    arg [--eh-frame-hdr] ==> ignore
    arg [-m] ==> ignore
    arg [elf_x86_64] ==> ignore
    arg [--hash-style=gnu] ==> ignore
    arg [--as-needed] ==> ignore
    arg [-export-dynamic] ==> ignore
    arg [-dynamic-linker] ==> ignore
    arg [/lib64/ld-linux-x86-64.so.2] ==> ignore
    arg [-pie] ==> ignore
    arg [-znow] ==> ignore
    arg [-zrelro] ==> ignore
    arg [-o] ==> ignore
    arg [cmTC_14e1c] ==> ignore
    arg [/usr/lib/gcc/x86_64-linux-gnu/9/../../../x86_64-linux-gnu/Scrt1.o] ==> ignore
    arg [/usr/lib/gcc/x86_64-linux-gnu/9/../../../x86_64-linux-gnu/crti.o] ==> ignore
    arg [/usr/lib/gcc/x86_64-linux-gnu/9/crtbeginS.o] ==> ignore
    arg [-L/usr/lib/gcc/x86_64-linux-gnu/9] ==> dir [/usr/lib/gcc/x86_64-linux-gnu/9]
    arg [-L/usr/lib/gcc/x86_64-linux-gnu/9/../../../x86_64-linux-gnu] ==> dir [/usr/lib/gcc/x86_64-linux-gnu/9/../../../x86_64-linux-gnu]
    arg [-L/usr/lib/gcc/x86_64-linux-gnu/9/../../../../lib] ==> dir [/usr/lib/gcc/x86_64-linux-gnu/9/../../../../lib]
    arg [-L/lib/x86_64-linux-gnu] ==> dir [/lib/x86_64-linux-gnu]
    arg [-L/lib/../lib] ==> dir [/lib/../lib]
    arg [-L/usr/lib/x86_64-linux-gnu] ==> dir [/usr/lib/x86_64-linux-gnu]
    arg [-L/usr/lib/../lib] ==> dir [/usr/lib/../lib]
    arg [-L/usr/lib/gcc/x86_64-linux-gnu/9/../../..] ==> dir [/usr/lib/gcc/x86_64-linux-gnu/9/../../..]
    arg [CMakeFiles/cmTC_14e1c.dir/CMakeCCompilerABI.c.o] ==> ignore
    arg [-lgcc] ==> lib [gcc]
    arg [--push-state] ==> ignore
    arg [--as-needed] ==> ignore
    arg [-lgcc_s] ==> lib [gcc_s]
    arg [--pop-state] ==> ignore
    arg [-lc] ==> lib [c]
    arg [-lgcc] ==> lib [gcc]
    arg [--push-state] ==> ignore
    arg [--as-needed] ==> ignore
    arg [-lgcc_s] ==> lib [gcc_s]
    arg [--pop-state] ==> ignore
    arg [/usr/lib/gcc/x86_64-linux-gnu/9/crtendS.o] ==> ignore
    arg [/usr/lib/gcc/x86_64-linux-gnu/9/../../../x86_64-linux-gnu/crtn.o] ==> ignore
  collapse library dir [/usr/lib/gcc/x86_64-linux-gnu/9] ==> [/usr/lib/gcc/x86_64-linux-gnu/9]
  collapse library dir [/usr/lib/gcc/x86_64-linux-gnu/9/../../../x86_64-linux-gnu] ==> [/usr/lib/x86_64-linux-gnu]
  collapse library dir [/usr/lib/gcc/x86_64-linux-gnu/9/../../../../lib] ==> [/usr/lib]
  collapse library dir [/lib/x86_64-linux-gnu] ==> [/lib/x86_64-linux-gnu]
  collapse library dir [/lib/../lib] ==> [/lib]
  collapse library dir [/usr/lib/x86_64-linux-gnu] ==> [/usr/lib/x86_64-linux-gnu]
  collapse library dir [/usr/lib/../lib] ==> [/usr/lib]
  collapse library dir [/usr/lib/gcc/x86_64-linux-gnu/9/../../..] ==> [/usr/lib]
  implicit libs: [gcc;gcc_s;c;gcc;gcc_s]
  implicit dirs: [/usr/lib/gcc/x86_64-linux-gnu/9;/usr/lib/x86_64-linux-gnu;/usr/lib;/lib/x86_64-linux-gnu;/lib]
  implicit fwks: []


Determining if the CXX compiler works passed with the following output:
Change Dir: /home/ollie/freerdp/FreeRDP/CMakeFiles/CMakeTmp

Run Build Command(s):/usr/bin/make cmTC_68752/fast && /usr/bin/make -f CMakeFiles/cmTC_68752.dir/build.make CMakeFiles/cmTC_68752.dir/build
make[1]: Entering directory '/home/ollie/freerdp/FreeRDP/CMakeFiles/CMakeTmp'
Building CXX object CMakeFiles/cmTC_68752.dir/testCXXCompiler.cxx.o
/usr/bin/c++     -o CMakeFiles/cmTC_68752.dir/testCXXCompiler.cxx.o -c /home/ollie/freerdp/FreeRDP/CMakeFiles/CMakeTmp/testCXXCompiler.cxx
Linking CXX executable cmTC_68752
/usr/bin/cmake -E cmake_link_script CMakeFiles/cmTC_68752.dir/link.txt --verbose=1
/usr/bin/c++       -rdynamic CMakeFiles/cmTC_68752.dir/testCXXCompiler.cxx.o  -o cmTC_68752 
make[1]: Leaving directory '/home/ollie/freerdp/FreeRDP/CMakeFiles/CMakeTmp'



Detecting CXX compiler ABI info compiled with the following output:
Change Dir: /home/ollie/freerdp/FreeRDP/CMakeFiles/CMakeTmp

Run Build Command(s):/usr/bin/make cmTC_65991/fast && /usr/bin/make -f CMakeFiles/cmTC_65991.dir/build.make CMakeFiles/cmTC_65991.dir/build
make[1]: Entering directory '/home/ollie/freerdp/FreeRDP/CMakeFiles/CMakeTmp'
Building CXX object CMakeFiles/cmTC_65991.dir/CMakeCXXCompilerABI.cpp.o
/usr/bin/c++    -v -o CMakeFiles/cmTC_65991.dir/CMakeCXXCompilerABI.cpp.o -c /usr/share/cmake-3.16/Modules/CMakeCXXCompilerABI.cpp
Using built-in specs.
COLLECT_GCC=/usr/bin/c++
OFFLOAD_TARGET_NAMES=nvptx-none:hsa
OFFLOAD_TARGET_DEFAULT=1
Target: x86_64-linux-gnu
Configured with: ../src/configure -v --with-pkgversion='Ubuntu 9.3.0-17ubuntu1~20.04' --with-bugurl=file:///usr/share/doc/gcc-9/README.Bugs --enable-languages=c,ada,c++,go,brig,d,fortran,objc,obj-c++,gm2 --prefix=/usr --with-gcc-major-version-only --program-suffix=-9 --program-prefix=x86_64-linux-gnu- --enable-shared --enable-linker-build-id --libexecdir=/usr/lib --without-included-gettext --enable-threads=posix --libdir=/usr/lib --enable-nls --enable-clocale=gnu --enable-libstdcxx-debug --enable-libstdcxx-time=yes --with-default-libstdcxx-abi=new --enable-gnu-unique-object --disable-vtable-verify --enable-plugin --enable-default-pie --with-system-zlib --with-target-system-zlib=auto --enable-objc-gc=auto --enable-multiarch --disable-werror --with-arch-32=i686 --with-abi=m64 --with-multilib-list=m32,m64,mx32 --enable-multilib --with-tune=generic --enable-offload-targets=nvptx-none=/build/gcc-9-HskZEa/gcc-9-9.3.0/debian/tmp-nvptx/usr,hsa --without-cuda-driver --enable-checking=release --build=x86_64-linux-gnu --host=x86_64-linux-gnu --target=x86_64-linux-gnu
Thread model: posix
gcc version 9.3.0 (Ubuntu 9.3.0-17ubuntu1~20.04) 
COLLECT_GCC_OPTIONS='-v' '-o' 'CMakeFiles/cmTC_65991.dir/CMakeCXXCompilerABI.cpp.o' '-c' '-shared-libgcc' '-mtune=generic' '-march=x86-64'
 /usr/lib/gcc/x86_64-linux-gnu/9/cc1plus -quiet -v -imultiarch x86_64-linux-gnu -D_GNU_SOURCE /usr/share/cmake-3.16/Modules/CMakeCXXCompilerABI.cpp -quiet -dumpbase CMakeCXXCompilerABI.cpp -mtune=generic -march=x86-64 -auxbase-strip CMakeFiles/cmTC_65991.dir/CMakeCXXCompilerABI.cpp.o -version -fasynchronous-unwind-tables -fstack-protector-strong -Wformat -Wformat-security -fstack-clash-protection -fcf-protection -o /tmp/ccU10dN8.s
GNU C++14 (Ubuntu 9.3.0-17ubuntu1~20.04) version 9.3.0 (x86_64-linux-gnu)
	compiled by GNU C version 9.3.0, GMP version 6.2.0, MPFR version 4.0.2, MPC version 1.1.0, isl version isl-0.22.1-GMP

GGC heuristics: --param ggc-min-expand=100 --param ggc-min-heapsize=131072
ignoring duplicate directory "/usr/include/x86_64-linux-gnu/c++/9"
ignoring nonexistent directory "/usr/local/include/x86_64-linux-gnu"
ignoring nonexistent directory "/usr/lib/gcc/x86_64-linux-gnu/9/include-fixed"
ignoring nonexistent directory "/usr/lib/gcc/x86_64-linux-gnu/9/../../../../x86_64-linux-gnu/include"
#include "..." search starts here:
#include <...> search starts here:
 /usr/include/c++/9
 /usr/include/x86_64-linux-gnu/c++/9
 /usr/include/c++/9/backward
 /usr/lib/gcc/x86_64-linux-gnu/9/include
 /usr/local/include
 /usr/include/x86_64-linux-gnu
 /usr/include
End of search list.
GNU C++14 (Ubuntu 9.3.0-17ubuntu1~20.04) version 9.3.0 (x86_64-linux-gnu)
	compiled by GNU C version 9.3.0, GMP version 6.2.0, MPFR version 4.0.2, MPC version 1.1.0, isl version isl-0.22.1-GMP

GGC heuristics: --param ggc-min-expand=100 --param ggc-min-heapsize=131072
Compiler executable checksum: 466f818abe2f30ba03783f22bd12d815
COLLECT_GCC_OPTIONS='-v' '-o' 'CMakeFiles/cmTC_65991.dir/CMakeCXXCompilerABI.cpp.o' '-c' '-shared-libgcc' '-mtune=generic' '-march=x86-64'
 as -v --64 -o CMakeFiles/cmTC_65991.dir/CMakeCXXCompilerABI.cpp.o /tmp/ccU10dN8.s
GNU assembler version 2.34 (x86_64-linux-gnu) using BFD version (GNU Binutils for Ubuntu) 2.34
COMPILER_PATH=/usr/lib/gcc/x86_64-linux-gnu/9/:/usr/lib/gcc/x86_64-linux-gnu/9/:/usr/lib/gcc/x86_64-linux-gnu/:/usr/lib/gcc/x86_64-linux-gnu/9/:/usr/lib/gcc/x86_64-linux-gnu/
LIBRARY_PATH=/usr/lib/gcc/x86_64-linux-gnu/9/:/usr/lib/gcc/x86_64-linux-gnu/9/../../../x86_64-linux-gnu/:/usr/lib/gcc/x86_64-linux-gnu/9/../../../../lib/:/lib/x86_64-linux-gnu/:/lib/../lib/:/usr/lib/x86_64-linux-gnu/:/usr/lib/../lib/:/usr/lib/gcc/x86_64-linux-gnu/9/../../../:/lib/:/usr/lib/
COLLECT_GCC_OPTIONS='-v' '-o' 'CMakeFiles/cmTC_65991.dir/CMakeCXXCompilerABI.cpp.o' '-c' '-shared-libgcc' '-mtune=generic' '-march=x86-64'
Linking CXX executable cmTC_65991
/usr/bin/cmake -E cmake_link_script CMakeFiles/cmTC_65991.dir/link.txt --verbose=1
/usr/bin/c++      -v -rdynamic CMakeFiles/cmTC_65991.dir/CMakeCXXCompilerABI.cpp.o  -o cmTC_65991 
Using built-in specs.
COLLECT_GCC=/usr/bin/c++
COLLECT_LTO_WRAPPER=/usr/lib/gcc/x86_64-linux-gnu/9/lto-wrapper
OFFLOAD_TARGET_NAMES=nvptx-none:hsa
OFFLOAD_TARGET_DEFAULT=1
Target: x86_64-linux-gnu
Configured with: ../src/configure -v --with-pkgversion='Ubuntu 9.3.0-17ubuntu1~20.04' --with-bugurl=file:///usr/share/doc/gcc-9/README.Bugs --enable-languages=c,ada,c++,go,brig,d,fortran,objc,obj-c++,gm2 --prefix=/usr --with-gcc-major-version-only --program-suffix=-9 --program-prefix=x86_64-linux-gnu- --enable-shared --enable-linker-build-id --libexecdir=/usr/lib --without-included-gettext --enable-threads=posix --libdir=/usr/lib --enable-nls --enable-clocale=gnu --enable-libstdcxx-debug --enable-libstdcxx-time=yes --with-default-libstdcxx-abi=new --enable-gnu-unique-object --disable-vtable-verify --enable-plugin --enable-default-pie --with-system-zlib --with-target-system-zlib=auto --enable-objc-gc=auto --enable-multiarch --disable-werror --with-arch-32=i686 --with-abi=m64 --with-multilib-list=m32,m64,mx32 --enable-multilib --with-tune=generic --enable-offload-targets=nvptx-none=/build/gcc-9-HskZEa/gcc-9-9.3.0/debian/tmp-nvptx/usr,hsa --without-cuda-driver --enable-checking=release --build=x86_64-linux-gnu --host=x86_64-linux-gnu --target=x86_64-linux-gnu
Thread model: posix
gcc version 9.3.0 (Ubuntu 9.3.0-17ubuntu1~20.04) 
COMPILER_PATH=/usr/lib/gcc/x86_64-linux-gnu/9/:/usr/lib/gcc/x86_64-linux-gnu/9/:/usr/lib/gcc/x86_64-linux-gnu/:/usr/lib/gcc/x86_64-linux-gnu/9/:/usr/lib/gcc/x86_64-linux-gnu/
LIBRARY_PATH=/usr/lib/gcc/x86_64-linux-gnu/9/:/usr/lib/gcc/x86_64-linux-gnu/9/../../../x86_64-linux-gnu/:/usr/lib/gcc/x86_64-linux-gnu/9/../../../../lib/:/lib/x86_64-linux-gnu/:/lib/../lib/:/usr/lib/x86_64-linux-gnu/:/usr/lib/../lib/:/usr/lib/gcc/x86_64-linux-gnu/9/../../../:/lib/:/usr/lib/
COLLECT_GCC_OPTIONS='-v' '-rdynamic' '-o' 'cmTC_65991' '-shared-libgcc' '-mtune=generic' '-march=x86-64'
 /usr/lib/gcc/x86_64-linux-gnu/9/collect2 -plugin /usr/lib/gcc/x86_64-linux-gnu/9/liblto_plugin.so -plugin-opt=/usr/lib/gcc/x86_64-linux-gnu/9/lto-wrapper -plugin-opt=-fresolution=/tmp/ccVoR7xA.res -plugin-opt=-pass-through=-lgcc_s -plugin-opt=-pass-through=-lgcc -plugin-opt=-pass-through=-lc -plugin-opt=-pass-through=-lgcc_s -plugin-opt=-pass-through=-lgcc --build-id --eh-frame-hdr -m elf_x86_64 --hash-style=gnu --as-needed -export-dynamic -dynamic-linker /lib64/ld-linux-x86-64.so.2 -pie -z now -z relro -o cmTC_65991 /usr/lib/gcc/x86_64-linux-gnu/9/../../../x86_64-linux-gnu/Scrt1.o /usr/lib/gcc/x86_64-linux-gnu/9/../../../x86_64-linux-gnu/crti.o /usr/lib/gcc/x86_64-linux-gnu/9/crtbeginS.o -L/usr/lib/gcc/x86_64-linux-gnu/9 -L/usr/lib/gcc/x86_64-linux-gnu/9/../../../x86_64-linux-gnu -L/usr/lib/gcc/x86_64-linux-gnu/9/../../../../lib -L/lib/x86_64-linux-gnu -L/lib/../lib -L/usr/lib/x86_64-linux-gnu -L/usr/lib/../lib -L/usr/lib/gcc/x86_64-linux-gnu/9/../../.. CMakeFiles/cmTC_65991.dir/CMakeCXXCompilerABI.cpp.o -lstdc++ -lm -lgcc_s -lgcc -lc -lgcc_s -lgcc /usr/lib/gcc/x86_64-linux-gnu/9/crtendS.o /usr/lib/gcc/x86_64-linux-gnu/9/../../../x86_64-linux-gnu/crtn.o
COLLECT_GCC_OPTIONS='-v' '-rdynamic' '-o' 'cmTC_65991' '-shared-libgcc' '-mtune=generic' '-march=x86-64'
make[1]: Leaving directory '/home/ollie/freerdp/FreeRDP/CMakeFiles/CMakeTmp'



Parsed CXX implicit include dir info from above output: rv=done
  found start of include info
  found start of implicit include info
    add: [/usr/include/c++/9]
    add: [/usr/include/x86_64-linux-gnu/c++/9]
    add: [/usr/include/c++/9/backward]
    add: [/usr/lib/gcc/x86_64-linux-gnu/9/include]
    add: [/usr/local/include]
    add: [/usr/include/x86_64-linux-gnu]
    add: [/usr/include]
  end of search list found
  collapse include dir [/usr/include/c++/9] ==> [/usr/include/c++/9]
  collapse include dir [/usr/include/x86_64-linux-gnu/c++/9] ==> [/usr/include/x86_64-linux-gnu/c++/9]
  collapse include dir [/usr/include/c++/9/backward] ==> [/usr/include/c++/9/backward]
  collapse include dir [/usr/lib/gcc/x86_64-linux-gnu/9/include] ==> [/usr/lib/gcc/x86_64-linux-gnu/9/include]
  collapse include dir [/usr/local/include] ==> [/usr/local/include]
  collapse include dir [/usr/include/x86_64-linux-gnu] ==> [/usr/include/x86_64-linux-gnu]
  collapse include dir [/usr/include] ==> [/usr/include]
  implicit include dirs: [/usr/include/c++/9;/usr/include/x86_64-linux-gnu/c++/9;/usr/include/c++/9/backward;/usr/lib/gcc/x86_64-linux-gnu/9/include;/usr/local/include;/usr/include/x86_64-linux-gnu;/usr/include]


Parsed CXX implicit link information from above output:
  link line regex: [^( *|.*[/\])(ld|CMAKE_LINK_STARTFILE-NOTFOUND|([^/\]+-)?ld|collect2)[^/\]*( |$)]
  ignore line: [Change Dir: /home/ollie/freerdp/FreeRDP/CMakeFiles/CMakeTmp]
  ignore line: []
  ignore line: [Run Build Command(s):/usr/bin/make cmTC_65991/fast && /usr/bin/make -f CMakeFiles/cmTC_65991.dir/build.make CMakeFiles/cmTC_65991.dir/build]
  ignore line: [make[1]: Entering directory '/home/ollie/freerdp/FreeRDP/CMakeFiles/CMakeTmp']
  ignore line: [Building CXX object CMakeFiles/cmTC_65991.dir/CMakeCXXCompilerABI.cpp.o]
  ignore line: [/usr/bin/c++    -v -o CMakeFiles/cmTC_65991.dir/CMakeCXXCompilerABI.cpp.o -c /usr/share/cmake-3.16/Modules/CMakeCXXCompilerABI.cpp]
  ignore line: [Using built-in specs.]
  ignore line: [COLLECT_GCC=/usr/bin/c++]
  ignore line: [OFFLOAD_TARGET_NAMES=nvptx-none:hsa]
  ignore line: [OFFLOAD_TARGET_DEFAULT=1]
  ignore line: [Target: x86_64-linux-gnu]
  ignore line: [Configured with: ../src/configure -v --with-pkgversion='Ubuntu 9.3.0-17ubuntu1~20.04' --with-bugurl=file:///usr/share/doc/gcc-9/README.Bugs --enable-languages=c ada c++ go brig d fortran objc obj-c++ gm2 --prefix=/usr --with-gcc-major-version-only --program-suffix=-9 --program-prefix=x86_64-linux-gnu- --enable-shared --enable-linker-build-id --libexecdir=/usr/lib --without-included-gettext --enable-threads=posix --libdir=/usr/lib --enable-nls --enable-clocale=gnu --enable-libstdcxx-debug --enable-libstdcxx-time=yes --with-default-libstdcxx-abi=new --enable-gnu-unique-object --disable-vtable-verify --enable-plugin --enable-default-pie --with-system-zlib --with-target-system-zlib=auto --enable-objc-gc=auto --enable-multiarch --disable-werror --with-arch-32=i686 --with-abi=m64 --with-multilib-list=m32 m64 mx32 --enable-multilib --with-tune=generic --enable-offload-targets=nvptx-none=/build/gcc-9-HskZEa/gcc-9-9.3.0/debian/tmp-nvptx/usr hsa --without-cuda-driver --enable-checking=release --build=x86_64-linux-gnu --host=x86_64-linux-gnu --target=x86_64-linux-gnu]
  ignore line: [Thread model: posix]
  ignore line: [gcc version 9.3.0 (Ubuntu 9.3.0-17ubuntu1~20.04) ]
  ignore line: [COLLECT_GCC_OPTIONS='-v' '-o' 'CMakeFiles/cmTC_65991.dir/CMakeCXXCompilerABI.cpp.o' '-c' '-shared-libgcc' '-mtune=generic' '-march=x86-64']
  ignore line: [ /usr/lib/gcc/x86_64-linux-gnu/9/cc1plus -quiet -v -imultiarch x86_64-linux-gnu -D_GNU_SOURCE /usr/share/cmake-3.16/Modules/CMakeCXXCompilerABI.cpp -quiet -dumpbase CMakeCXXCompilerABI.cpp -mtune=generic -march=x86-64 -auxbase-strip CMakeFiles/cmTC_65991.dir/CMakeCXXCompilerABI.cpp.o -version -fasynchronous-unwind-tables -fstack-protector-strong -Wformat -Wformat-security -fstack-clash-protection -fcf-protection -o /tmp/ccU10dN8.s]
  ignore line: [GNU C++14 (Ubuntu 9.3.0-17ubuntu1~20.04) version 9.3.0 (x86_64-linux-gnu)]
  ignore line: [	compiled by GNU C version 9.3.0  GMP version 6.2.0  MPFR version 4.0.2  MPC version 1.1.0  isl version isl-0.22.1-GMP]
  ignore line: []
  ignore line: [GGC heuristics: --param ggc-min-expand=100 --param ggc-min-heapsize=131072]
  ignore line: [ignoring duplicate directory "/usr/include/x86_64-linux-gnu/c++/9"]
  ignore line: [ignoring nonexistent directory "/usr/local/include/x86_64-linux-gnu"]
  ignore line: [ignoring nonexistent directory "/usr/lib/gcc/x86_64-linux-gnu/9/include-fixed"]
  ignore line: [ignoring nonexistent directory "/usr/lib/gcc/x86_64-linux-gnu/9/../../../../x86_64-linux-gnu/include"]
  ignore line: [#include "..." search starts here:]
  ignore line: [#include <...> search starts here:]
  ignore line: [ /usr/include/c++/9]
  ignore line: [ /usr/include/x86_64-linux-gnu/c++/9]
  ignore line: [ /usr/include/c++/9/backward]
  ignore line: [ /usr/lib/gcc/x86_64-linux-gnu/9/include]
  ignore line: [ /usr/local/include]
  ignore line: [ /usr/include/x86_64-linux-gnu]
  ignore line: [ /usr/include]
  ignore line: [End of search list.]
  ignore line: [GNU C++14 (Ubuntu 9.3.0-17ubuntu1~20.04) version 9.3.0 (x86_64-linux-gnu)]
  ignore line: [	compiled by GNU C version 9.3.0  GMP version 6.2.0  MPFR version 4.0.2  MPC version 1.1.0  isl version isl-0.22.1-GMP]
  ignore line: []
  ignore line: [GGC heuristics: --param ggc-min-expand=100 --param ggc-min-heapsize=131072]
  ignore line: [Compiler executable checksum: 466f818abe2f30ba03783f22bd12d815]
  ignore line: [COLLECT_GCC_OPTIONS='-v' '-o' 'CMakeFiles/cmTC_65991.dir/CMakeCXXCompilerABI.cpp.o' '-c' '-shared-libgcc' '-mtune=generic' '-march=x86-64']
  ignore line: [ as -v --64 -o CMakeFiles/cmTC_65991.dir/CMakeCXXCompilerABI.cpp.o /tmp/ccU10dN8.s]
  ignore line: [GNU assembler version 2.34 (x86_64-linux-gnu) using BFD version (GNU Binutils for Ubuntu) 2.34]
  ignore line: [COMPILER_PATH=/usr/lib/gcc/x86_64-linux-gnu/9/:/usr/lib/gcc/x86_64-linux-gnu/9/:/usr/lib/gcc/x86_64-linux-gnu/:/usr/lib/gcc/x86_64-linux-gnu/9/:/usr/lib/gcc/x86_64-linux-gnu/]
  ignore line: [LIBRARY_PATH=/usr/lib/gcc/x86_64-linux-gnu/9/:/usr/lib/gcc/x86_64-linux-gnu/9/../../../x86_64-linux-gnu/:/usr/lib/gcc/x86_64-linux-gnu/9/../../../../lib/:/lib/x86_64-linux-gnu/:/lib/../lib/:/usr/lib/x86_64-linux-gnu/:/usr/lib/../lib/:/usr/lib/gcc/x86_64-linux-gnu/9/../../../:/lib/:/usr/lib/]
  ignore line: [COLLECT_GCC_OPTIONS='-v' '-o' 'CMakeFiles/cmTC_65991.dir/CMakeCXXCompilerABI.cpp.o' '-c' '-shared-libgcc' '-mtune=generic' '-march=x86-64']
  ignore line: [Linking CXX executable cmTC_65991]
  ignore line: [/usr/bin/cmake -E cmake_link_script CMakeFiles/cmTC_65991.dir/link.txt --verbose=1]
  ignore line: [/usr/bin/c++      -v -rdynamic CMakeFiles/cmTC_65991.dir/CMakeCXXCompilerABI.cpp.o  -o cmTC_65991 ]
  ignore line: [Using built-in specs.]
  ignore line: [COLLECT_GCC=/usr/bin/c++]
  ignore line: [COLLECT_LTO_WRAPPER=/usr/lib/gcc/x86_64-linux-gnu/9/lto-wrapper]
  ignore line: [OFFLOAD_TARGET_NAMES=nvptx-none:hsa]
  ignore line: [OFFLOAD_TARGET_DEFAULT=1]
  ignore line: [Target: x86_64-linux-gnu]
  ignore line: [Configured with: ../src/configure -v --with-pkgversion='Ubuntu 9.3.0-17ubuntu1~20.04' --with-bugurl=file:///usr/share/doc/gcc-9/README.Bugs --enable-languages=c ada c++ go brig d fortran objc obj-c++ gm2 --prefix=/usr --with-gcc-major-version-only --program-suffix=-9 --program-prefix=x86_64-linux-gnu- --enable-shared --enable-linker-build-id --libexecdir=/usr/lib --without-included-gettext --enable-threads=posix --libdir=/usr/lib --enable-nls --enable-clocale=gnu --enable-libstdcxx-debug --enable-libstdcxx-time=yes --with-default-libstdcxx-abi=new --enable-gnu-unique-object --disable-vtable-verify --enable-plugin --enable-default-pie --with-system-zlib --with-target-system-zlib=auto --enable-objc-gc=auto --enable-multiarch --disable-werror --with-arch-32=i686 --with-abi=m64 --with-multilib-list=m32 m64 mx32 --enable-multilib --with-tune=generic --enable-offload-targets=nvptx-none=/build/gcc-9-HskZEa/gcc-9-9.3.0/debian/tmp-nvptx/usr hsa --without-cuda-driver --enable-checking=release --build=x86_64-linux-gnu --host=x86_64-linux-gnu --target=x86_64-linux-gnu]
  ignore line: [Thread model: posix]
  ignore line: [gcc version 9.3.0 (Ubuntu 9.3.0-17ubuntu1~20.04) ]
  ignore line: [COMPILER_PATH=/usr/lib/gcc/x86_64-linux-gnu/9/:/usr/lib/gcc/x86_64-linux-gnu/9/:/usr/lib/gcc/x86_64-linux-gnu/:/usr/lib/gcc/x86_64-linux-gnu/9/:/usr/lib/gcc/x86_64-linux-gnu/]
  ignore line: [LIBRARY_PATH=/usr/lib/gcc/x86_64-linux-gnu/9/:/usr/lib/gcc/x86_64-linux-gnu/9/../../../x86_64-linux-gnu/:/usr/lib/gcc/x86_64-linux-gnu/9/../../../../lib/:/lib/x86_64-linux-gnu/:/lib/../lib/:/usr/lib/x86_64-linux-gnu/:/usr/lib/../lib/:/usr/lib/gcc/x86_64-linux-gnu/9/../../../:/lib/:/usr/lib/]
  ignore line: [COLLECT_GCC_OPTIONS='-v' '-rdynamic' '-o' 'cmTC_65991' '-shared-libgcc' '-mtune=generic' '-march=x86-64']
  link line: [ /usr/lib/gcc/x86_64-linux-gnu/9/collect2 -plugin /usr/lib/gcc/x86_64-linux-gnu/9/liblto_plugin.so -plugin-opt=/usr/lib/gcc/x86_64-linux-gnu/9/lto-wrapper -plugin-opt=-fresolution=/tmp/ccVoR7xA.res -plugin-opt=-pass-through=-lgcc_s -plugin-opt=-pass-through=-lgcc -plugin-opt=-pass-through=-lc -plugin-opt=-pass-through=-lgcc_s -plugin-opt=-pass-through=-lgcc --build-id --eh-frame-hdr -m elf_x86_64 --hash-style=gnu --as-needed -export-dynamic -dynamic-linker /lib64/ld-linux-x86-64.so.2 -pie -z now -z relro -o cmTC_65991 /usr/lib/gcc/x86_64-linux-gnu/9/../../../x86_64-linux-gnu/Scrt1.o /usr/lib/gcc/x86_64-linux-gnu/9/../../../x86_64-linux-gnu/crti.o /usr/lib/gcc/x86_64-linux-gnu/9/crtbeginS.o -L/usr/lib/gcc/x86_64-linux-gnu/9 -L/usr/lib/gcc/x86_64-linux-gnu/9/../../../x86_64-linux-gnu -L/usr/lib/gcc/x86_64-linux-gnu/9/../../../../lib -L/lib/x86_64-linux-gnu -L/lib/../lib -L/usr/lib/x86_64-linux-gnu -L/usr/lib/../lib -L/usr/lib/gcc/x86_64-linux-gnu/9/../../.. CMakeFiles/cmTC_65991.dir/CMakeCXXCompilerABI.cpp.o -lstdc++ -lm -lgcc_s -lgcc -lc -lgcc_s -lgcc /usr/lib/gcc/x86_64-linux-gnu/9/crtendS.o /usr/lib/gcc/x86_64-linux-gnu/9/../../../x86_64-linux-gnu/crtn.o]
    arg [/usr/lib/gcc/x86_64-linux-gnu/9/collect2] ==> ignore
    arg [-plugin] ==> ignore
    arg [/usr/lib/gcc/x86_64-linux-gnu/9/liblto_plugin.so] ==> ignore
    arg [-plugin-opt=/usr/lib/gcc/x86_64-linux-gnu/9/lto-wrapper] ==> ignore
    arg [-plugin-opt=-fresolution=/tmp/ccVoR7xA.res] ==> ignore
    arg [-plugin-opt=-pass-through=-lgcc_s] ==> ignore
    arg [-plugin-opt=-pass-through=-lgcc] ==> ignore
    arg [-plugin-opt=-pass-through=-lc] ==> ignore
    arg [-plugin-opt=-pass-through=-lgcc_s] ==> ignore
    arg [-plugin-opt=-pass-through=-lgcc] ==> ignore
    arg [--build-id] ==> ignore
    arg [--eh-frame-hdr] ==> ignore
    arg [-m] ==> ignore
    arg [elf_x86_64] ==> ignore
    arg [--hash-style=gnu] ==> ignore
    arg [--as-needed] ==> ignore
    arg [-export-dynamic] ==> ignore
    arg [-dynamic-linker] ==> ignore
    arg [/lib64/ld-linux-x86-64.so.2] ==> ignore
    arg [-pie] ==> ignore
    arg [-znow] ==> ignore
    arg [-zrelro] ==> ignore
    arg [-o] ==> ignore
    arg [cmTC_65991] ==> ignore
    arg [/usr/lib/gcc/x86_64-linux-gnu/9/../../../x86_64-linux-gnu/Scrt1.o] ==> ignore
    arg [/usr/lib/gcc/x86_64-linux-gnu/9/../../../x86_64-linux-gnu/crti.o] ==> ignore
    arg [/usr/lib/gcc/x86_64-linux-gnu/9/crtbeginS.o] ==> ignore
    arg [-L/usr/lib/gcc/x86_64-linux-gnu/9] ==> dir [/usr/lib/gcc/x86_64-linux-gnu/9]
    arg [-L/usr/lib/gcc/x86_64-linux-gnu/9/../../../x86_64-linux-gnu] ==> dir [/usr/lib/gcc/x86_64-linux-gnu/9/../../../x86_64-linux-gnu]
    arg [-L/usr/lib/gcc/x86_64-linux-gnu/9/../../../../lib] ==> dir [/usr/lib/gcc/x86_64-linux-gnu/9/../../../../lib]
    arg [-L/lib/x86_64-linux-gnu] ==> dir [/lib/x86_64-linux-gnu]
    arg [-L/lib/../lib] ==> dir [/lib/../lib]
    arg [-L/usr/lib/x86_64-linux-gnu] ==> dir [/usr/lib/x86_64-linux-gnu]
    arg [-L/usr/lib/../lib] ==> dir [/usr/lib/../lib]
    arg [-L/usr/lib/gcc/x86_64-linux-gnu/9/../../..] ==> dir [/usr/lib/gcc/x86_64-linux-gnu/9/../../..]
    arg [CMakeFiles/cmTC_65991.dir/CMakeCXXCompilerABI.cpp.o] ==> ignore
    arg [-lstdc++] ==> lib [stdc++]
    arg [-lm] ==> lib [m]
    arg [-lgcc_s] ==> lib [gcc_s]
    arg [-lgcc] ==> lib [gcc]
    arg [-lc] ==> lib [c]
    arg [-lgcc_s] ==> lib [gcc_s]
    arg [-lgcc] ==> lib [gcc]
    arg [/usr/lib/gcc/x86_64-linux-gnu/9/crtendS.o] ==> ignore
    arg [/usr/lib/gcc/x86_64-linux-gnu/9/../../../x86_64-linux-gnu/crtn.o] ==> ignore
  collapse library dir [/usr/lib/gcc/x86_64-linux-gnu/9] ==> [/usr/lib/gcc/x86_64-linux-gnu/9]
  collapse library dir [/usr/lib/gcc/x86_64-linux-gnu/9/../../../x86_64-linux-gnu] ==> [/usr/lib/x86_64-linux-gnu]
  collapse library dir [/usr/lib/gcc/x86_64-linux-gnu/9/../../../../lib] ==> [/usr/lib]
  collapse library dir [/lib/x86_64-linux-gnu] ==> [/lib/x86_64-linux-gnu]
  collapse library dir [/lib/../lib] ==> [/lib]
  collapse library dir [/usr/lib/x86_64-linux-gnu] ==> [/usr/lib/x86_64-linux-gnu]
  collapse library dir [/usr/lib/../lib] ==> [/usr/lib]
  collapse library dir [/usr/lib/gcc/x86_64-linux-gnu/9/../../..] ==> [/usr/lib]
  implicit libs: [stdc++;m;gcc_s;gcc;c;gcc_s;gcc]
  implicit dirs: [/usr/lib/gcc/x86_64-linux-gnu/9;/usr/lib/x86_64-linux-gnu;/usr/lib;/lib/x86_64-linux-gnu;/lib]
  implicit fwks: []


Determining if the __x86_64__ exist passed with the following output:
Change Dir: /home/ollie/freerdp/FreeRDP/CMakeFiles/CMakeTmp

Run Build Command(s):/usr/bin/make cmTC_58f30/fast && /usr/bin/make -f CMakeFiles/cmTC_58f30.dir/build.make CMakeFiles/cmTC_58f30.dir/build
make[1]: Entering directory '/home/ollie/freerdp/FreeRDP/CMakeFiles/CMakeTmp'
Building C object CMakeFiles/cmTC_58f30.dir/CheckSymbolExists.c.o
/usr/bin/cc   -fPIE   -o CMakeFiles/cmTC_58f30.dir/CheckSymbolExists.c.o   -c /home/ollie/freerdp/FreeRDP/CMakeFiles/CMakeTmp/CheckSymbolExists.c
Linking C executable cmTC_58f30
/usr/bin/cmake -E cmake_link_script CMakeFiles/cmTC_58f30.dir/link.txt --verbose=1
/usr/bin/cc      -rdynamic CMakeFiles/cmTC_58f30.dir/CheckSymbolExists.c.o  -o cmTC_58f30 
make[1]: Leaving directory '/home/ollie/freerdp/FreeRDP/CMakeFiles/CMakeTmp'


File /home/ollie/freerdp/FreeRDP/CMakeFiles/CMakeTmp/CheckSymbolExists.c:
/* */

int main(int argc, char** argv)
{
  (void)argv;
#ifndef __x86_64__
  return ((int*)(&__x86_64__))[argc];
#else
  (void)argc;
  return 0;
#endif
}
Performing C SOURCE FILE Test Wno-unused-result succeeded with the following output:
Change Dir: /home/ollie/freerdp/FreeRDP/CMakeFiles/CMakeTmp

Run Build Command(s):/usr/bin/make cmTC_35491/fast && /usr/bin/make -f CMakeFiles/cmTC_35491.dir/build.make CMakeFiles/cmTC_35491.dir/build
make[1]: Entering directory '/home/ollie/freerdp/FreeRDP/CMakeFiles/CMakeTmp'
Building C object CMakeFiles/cmTC_35491.dir/src.c.o
/usr/bin/cc   -fPIC -Wall -DWno-unused-result -fPIE   -Wno-unused-result -o CMakeFiles/cmTC_35491.dir/src.c.o   -c /home/ollie/freerdp/FreeRDP/CMakeFiles/CMakeTmp/src.c
<command-line>: warning: ISO C99 requires whitespace after the macro name
Linking C executable cmTC_35491
/usr/bin/cmake -E cmake_link_script CMakeFiles/cmTC_35491.dir/link.txt --verbose=1
/usr/bin/cc  -fPIC -Wall -DWno-unused-result    -rdynamic CMakeFiles/cmTC_35491.dir/src.c.o  -o cmTC_35491 
make[1]: Leaving directory '/home/ollie/freerdp/FreeRDP/CMakeFiles/CMakeTmp'


Source file was:
int main(void) { return 0; }
Performing C SOURCE FILE Test Wno-unused-but-set-variable succeeded with the following output:
Change Dir: /home/ollie/freerdp/FreeRDP/CMakeFiles/CMakeTmp

Run Build Command(s):/usr/bin/make cmTC_823be/fast && /usr/bin/make -f CMakeFiles/cmTC_823be.dir/build.make CMakeFiles/cmTC_823be.dir/build
make[1]: Entering directory '/home/ollie/freerdp/FreeRDP/CMakeFiles/CMakeTmp'
Building C object CMakeFiles/cmTC_823be.dir/src.c.o
/usr/bin/cc   -fPIC -Wall -Wno-unused-result -DWno-unused-but-set-variable -fPIE   -Wno-unused-but-set-variable -o CMakeFiles/cmTC_823be.dir/src.c.o   -c /home/ollie/freerdp/FreeRDP/CMakeFiles/CMakeTmp/src.c
<command-line>: warning: ISO C99 requires whitespace after the macro name
Linking C executable cmTC_823be
/usr/bin/cmake -E cmake_link_script CMakeFiles/cmTC_823be.dir/link.txt --verbose=1
/usr/bin/cc  -fPIC -Wall -Wno-unused-result -DWno-unused-but-set-variable    -rdynamic CMakeFiles/cmTC_823be.dir/src.c.o  -o cmTC_823be 
make[1]: Leaving directory '/home/ollie/freerdp/FreeRDP/CMakeFiles/CMakeTmp'


Source file was:
int main(void) { return 0; }
Performing C SOURCE FILE Test Wno-deprecated-declarations succeeded with the following output:
Change Dir: /home/ollie/freerdp/FreeRDP/CMakeFiles/CMakeTmp

Run Build Command(s):/usr/bin/make cmTC_071bf/fast && /usr/bin/make -f CMakeFiles/cmTC_071bf.dir/build.make CMakeFiles/cmTC_071bf.dir/build
make[1]: Entering directory '/home/ollie/freerdp/FreeRDP/CMakeFiles/CMakeTmp'
Building C object CMakeFiles/cmTC_071bf.dir/src.c.o
/usr/bin/cc   -fPIC -Wall -Wno-unused-result -Wno-unused-but-set-variable -DWno-deprecated-declarations -fPIE   -Wno-deprecated-declarations -o CMakeFiles/cmTC_071bf.dir/src.c.o   -c /home/ollie/freerdp/FreeRDP/CMakeFiles/CMakeTmp/src.c
<command-line>: warning: ISO C99 requires whitespace after the macro name
Linking C executable cmTC_071bf
/usr/bin/cmake -E cmake_link_script CMakeFiles/cmTC_071bf.dir/link.txt --verbose=1
/usr/bin/cc  -fPIC -Wall -Wno-unused-result -Wno-unused-but-set-variable -DWno-deprecated-declarations    -rdynamic CMakeFiles/cmTC_071bf.dir/src.c.o  -o cmTC_071bf 
make[1]: Leaving directory '/home/ollie/freerdp/FreeRDP/CMakeFiles/CMakeTmp'


Source file was:
int main(void) { return 0; }
Performing C++ SOURCE FILE Test Wno-deprecated-declarationsCXX succeeded with the following output:
Change Dir: /home/ollie/freerdp/FreeRDP/CMakeFiles/CMakeTmp

Run Build Command(s):/usr/bin/make cmTC_e6d7c/fast && /usr/bin/make -f CMakeFiles/cmTC_e6d7c.dir/build.make CMakeFiles/cmTC_e6d7c.dir/build
make[1]: Entering directory '/home/ollie/freerdp/FreeRDP/CMakeFiles/CMakeTmp'
Building CXX object CMakeFiles/cmTC_e6d7c.dir/src.cxx.o
/usr/bin/c++    -DWno-deprecated-declarationsCXX -fPIE   -Wno-deprecated-declarations -o CMakeFiles/cmTC_e6d7c.dir/src.cxx.o -c /home/ollie/freerdp/FreeRDP/CMakeFiles/CMakeTmp/src.cxx
<command-line>: warning: ISO C++11 requires whitespace after the macro name
Linking CXX executable cmTC_e6d7c
/usr/bin/cmake -E cmake_link_script CMakeFiles/cmTC_e6d7c.dir/link.txt --verbose=1
/usr/bin/c++   -DWno-deprecated-declarationsCXX    -rdynamic CMakeFiles/cmTC_e6d7c.dir/src.cxx.o  -o cmTC_e6d7c 
make[1]: Leaving directory '/home/ollie/freerdp/FreeRDP/CMakeFiles/CMakeTmp'


Source file was:
int main() { return 0; }
Performing C SOURCE FILE Test Wimplicit-function-declaration succeeded with the following output:
Change Dir: /home/ollie/freerdp/FreeRDP/CMakeFiles/CMakeTmp

Run Build Command(s):/usr/bin/make cmTC_133ce/fast && /usr/bin/make -f CMakeFiles/cmTC_133ce.dir/build.make CMakeFiles/cmTC_133ce.dir/build
make[1]: Entering directory '/home/ollie/freerdp/FreeRDP/CMakeFiles/CMakeTmp'
Building C object CMakeFiles/cmTC_133ce.dir/src.c.o
/usr/bin/cc   -fPIC -Wall -Wno-unused-result -Wno-unused-but-set-variable -Wno-deprecated-declarations -fvisibility=hidden -DWimplicit-function-declaration -fPIE   -Wimplicit-function-declaration -o CMakeFiles/cmTC_133ce.dir/src.c.o   -c /home/ollie/freerdp/FreeRDP/CMakeFiles/CMakeTmp/src.c
<command-line>: warning: ISO C99 requires whitespace after the macro name
Linking C executable cmTC_133ce
/usr/bin/cmake -E cmake_link_script CMakeFiles/cmTC_133ce.dir/link.txt --verbose=1
/usr/bin/cc  -fPIC -Wall -Wno-unused-result -Wno-unused-but-set-variable -Wno-deprecated-declarations -fvisibility=hidden -DWimplicit-function-declaration    -rdynamic CMakeFiles/cmTC_133ce.dir/src.c.o  -o cmTC_133ce 
make[1]: Leaving directory '/home/ollie/freerdp/FreeRDP/CMakeFiles/CMakeTmp'


Source file was:
int main(void) { return 0; }
Performing C SOURCE FILE Test Wredundant-decls succeeded with the following output:
Change Dir: /home/ollie/freerdp/FreeRDP/CMakeFiles/CMakeTmp

Run Build Command(s):/usr/bin/make cmTC_bc96e/fast && /usr/bin/make -f CMakeFiles/cmTC_bc96e.dir/build.make CMakeFiles/cmTC_bc96e.dir/build
make[1]: Entering directory '/home/ollie/freerdp/FreeRDP/CMakeFiles/CMakeTmp'
Building C object CMakeFiles/cmTC_bc96e.dir/src.c.o
/usr/bin/cc   -fPIC -Wall -Wno-unused-result -Wno-unused-but-set-variable -Wno-deprecated-declarations -fvisibility=hidden -Wimplicit-function-declaration -DWredundant-decls -fPIE   -Wredundant-decls -o CMakeFiles/cmTC_bc96e.dir/src.c.o   -c /home/ollie/freerdp/FreeRDP/CMakeFiles/CMakeTmp/src.c
<command-line>: warning: ISO C99 requires whitespace after the macro name
Linking C executable cmTC_bc96e
/usr/bin/cmake -E cmake_link_script CMakeFiles/cmTC_bc96e.dir/link.txt --verbose=1
/usr/bin/cc  -fPIC -Wall -Wno-unused-result -Wno-unused-but-set-variable -Wno-deprecated-declarations -fvisibility=hidden -Wimplicit-function-declaration -DWredundant-decls    -rdynamic CMakeFiles/cmTC_bc96e.dir/src.c.o  -o cmTC_bc96e 
make[1]: Leaving directory '/home/ollie/freerdp/FreeRDP/CMakeFiles/CMakeTmp'


Source file was:
int main(void) { return 0; }
Performing C SOURCE FILE Test Wno-builtin-macro-redefined succeeded with the following output:
Change Dir: /home/ollie/freerdp/FreeRDP/CMakeFiles/CMakeTmp

Run Build Command(s):/usr/bin/make cmTC_ca662/fast && /usr/bin/make -f CMakeFiles/cmTC_ca662.dir/build.make CMakeFiles/cmTC_ca662.dir/build
make[1]: Entering directory '/home/ollie/freerdp/FreeRDP/CMakeFiles/CMakeTmp'
Building C object CMakeFiles/cmTC_ca662.dir/src.c.o
/usr/bin/cc   -fPIC -Wall -Wno-unused-result -Wno-unused-but-set-variable -Wno-deprecated-declarations -fvisibility=hidden -Wimplicit-function-declaration -Wredundant-decls -DWno-builtin-macro-redefined -fPIE   -Wno-builtin-macro-redefined -o CMakeFiles/cmTC_ca662.dir/src.c.o   -c /home/ollie/freerdp/FreeRDP/CMakeFiles/CMakeTmp/src.c
<command-line>: warning: ISO C99 requires whitespace after the macro name
Linking C executable cmTC_ca662
/usr/bin/cmake -E cmake_link_script CMakeFiles/cmTC_ca662.dir/link.txt --verbose=1
/usr/bin/cc  -fPIC -Wall -Wno-unused-result -Wno-unused-but-set-variable -Wno-deprecated-declarations -fvisibility=hidden -Wimplicit-function-declaration -Wredundant-decls -DWno-builtin-macro-redefined    -rdynamic CMakeFiles/cmTC_ca662.dir/src.c.o  -o cmTC_ca662 
make[1]: Leaving directory '/home/ollie/freerdp/FreeRDP/CMakeFiles/CMakeTmp'


Source file was:
int main(void) { return 0; }
Performing C++ SOURCE FILE Test Wno-builtin-macro-redefinedCXX succeeded with the following output:
Change Dir: /home/ollie/freerdp/FreeRDP/CMakeFiles/CMakeTmp

Run Build Command(s):/usr/bin/make cmTC_7c840/fast && /usr/bin/make -f CMakeFiles/cmTC_7c840.dir/build.make CMakeFiles/cmTC_7c840.dir/build
make[1]: Entering directory '/home/ollie/freerdp/FreeRDP/CMakeFiles/CMakeTmp'
Building CXX object CMakeFiles/cmTC_7c840.dir/src.cxx.o
/usr/bin/c++    -Wno-deprecated-declarations -DWno-builtin-macro-redefinedCXX -fPIE   -Wno-builtin-macro-redefined -o CMakeFiles/cmTC_7c840.dir/src.cxx.o -c /home/ollie/freerdp/FreeRDP/CMakeFiles/CMakeTmp/src.cxx
<command-line>: warning: ISO C++11 requires whitespace after the macro name
Linking CXX executable cmTC_7c840
/usr/bin/cmake -E cmake_link_script CMakeFiles/cmTC_7c840.dir/link.txt --verbose=1
/usr/bin/c++   -Wno-deprecated-declarations -DWno-builtin-macro-redefinedCXX    -rdynamic CMakeFiles/cmTC_7c840.dir/src.cxx.o  -o cmTC_7c840 
make[1]: Leaving directory '/home/ollie/freerdp/FreeRDP/CMakeFiles/CMakeTmp'


Source file was:
int main() { return 0; }
Determining if the include file pthread.h exists passed with the following output:
Change Dir: /home/ollie/freerdp/FreeRDP/CMakeFiles/CMakeTmp

Run Build Command(s):/usr/bin/make cmTC_430da/fast && /usr/bin/make -f CMakeFiles/cmTC_430da.dir/build.make CMakeFiles/cmTC_430da.dir/build
make[1]: Entering directory '/home/ollie/freerdp/FreeRDP/CMakeFiles/CMakeTmp'
Building C object CMakeFiles/cmTC_430da.dir/CheckIncludeFile.c.o
/usr/bin/cc   -fPIC -Wall -Wno-unused-result -Wno-unused-but-set-variable -Wno-deprecated-declarations -fvisibility=hidden -Wimplicit-function-declaration -Wredundant-decls  -fPIE   -o CMakeFiles/cmTC_430da.dir/CheckIncludeFile.c.o   -c /home/ollie/freerdp/FreeRDP/CMakeFiles/CMakeTmp/CheckIncludeFile.c
Linking C executable cmTC_430da
/usr/bin/cmake -E cmake_link_script CMakeFiles/cmTC_430da.dir/link.txt --verbose=1
/usr/bin/cc  -fPIC -Wall -Wno-unused-result -Wno-unused-but-set-variable -Wno-deprecated-declarations -fvisibility=hidden -Wimplicit-function-declaration -Wredundant-decls     -rdynamic CMakeFiles/cmTC_430da.dir/CheckIncludeFile.c.o  -o cmTC_430da 
make[1]: Leaving directory '/home/ollie/freerdp/FreeRDP/CMakeFiles/CMakeTmp'



Determining if the function pthread_create exists in the pthread passed with the following output:
Change Dir: /home/ollie/freerdp/FreeRDP/CMakeFiles/CMakeTmp

Run Build Command(s):/usr/bin/make cmTC_ff828/fast && /usr/bin/make -f CMakeFiles/cmTC_ff828.dir/build.make CMakeFiles/cmTC_ff828.dir/build
make[1]: Entering directory '/home/ollie/freerdp/FreeRDP/CMakeFiles/CMakeTmp'
Building C object CMakeFiles/cmTC_ff828.dir/CheckFunctionExists.c.o
/usr/bin/cc   -fPIC -Wall -Wno-unused-result -Wno-unused-but-set-variable -Wno-deprecated-declarations -fvisibility=hidden -Wimplicit-function-declaration -Wredundant-decls -DCHECK_FUNCTION_EXISTS=pthread_create -fPIE   -o CMakeFiles/cmTC_ff828.dir/CheckFunctionExists.c.o   -c /usr/share/cmake-3.16/Modules/CheckFunctionExists.c
Linking C executable cmTC_ff828
/usr/bin/cmake -E cmake_link_script CMakeFiles/cmTC_ff828.dir/link.txt --verbose=1
/usr/bin/cc  -fPIC -Wall -Wno-unused-result -Wno-unused-but-set-variable -Wno-deprecated-declarations -fvisibility=hidden -Wimplicit-function-declaration -Wredundant-decls -DCHECK_FUNCTION_EXISTS=pthread_create    -rdynamic CMakeFiles/cmTC_ff828.dir/CheckFunctionExists.c.o  -o cmTC_ff828  -lpthread 
make[1]: Leaving directory '/home/ollie/freerdp/FreeRDP/CMakeFiles/CMakeTmp'



Determining if the function pthread_mutex_timedlock exists in the pthread passed with the following output:
Change Dir: /home/ollie/freerdp/FreeRDP/CMakeFiles/CMakeTmp

Run Build Command(s):/usr/bin/make cmTC_9ac8d/fast && /usr/bin/make -f CMakeFiles/cmTC_9ac8d.dir/build.make CMakeFiles/cmTC_9ac8d.dir/build
make[1]: Entering directory '/home/ollie/freerdp/FreeRDP/CMakeFiles/CMakeTmp'
Building C object CMakeFiles/cmTC_9ac8d.dir/CheckFunctionExists.c.o
/usr/bin/cc   -fPIC -Wall -Wno-unused-result -Wno-unused-but-set-variable -Wno-deprecated-declarations -fvisibility=hidden -Wimplicit-function-declaration -Wredundant-decls -DCHECK_FUNCTION_EXISTS=pthread_mutex_timedlock -fPIE   -o CMakeFiles/cmTC_9ac8d.dir/CheckFunctionExists.c.o   -c /usr/share/cmake-3.16/Modules/CheckFunctionExists.c
Linking C executable cmTC_9ac8d
/usr/bin/cmake -E cmake_link_script CMakeFiles/cmTC_9ac8d.dir/link.txt --verbose=1
/usr/bin/cc  -fPIC -Wall -Wno-unused-result -Wno-unused-but-set-variable -Wno-deprecated-declarations -fvisibility=hidden -Wimplicit-function-declaration -Wredundant-decls -DCHECK_FUNCTION_EXISTS=pthread_mutex_timedlock    -rdynamic CMakeFiles/cmTC_9ac8d.dir/CheckFunctionExists.c.o  -o cmTC_9ac8d  -lpthread 
make[1]: Leaving directory '/home/ollie/freerdp/FreeRDP/CMakeFiles/CMakeTmp'



Performing C SOURCE FILE Test fno-omit-frame-pointer succeeded with the following output:
Change Dir: /home/ollie/freerdp/FreeRDP/CMakeFiles/CMakeTmp

Run Build Command(s):/usr/bin/make cmTC_d2730/fast && /usr/bin/make -f CMakeFiles/cmTC_d2730.dir/build.make CMakeFiles/cmTC_d2730.dir/build
make[1]: Entering directory '/home/ollie/freerdp/FreeRDP/CMakeFiles/CMakeTmp'
Building C object CMakeFiles/cmTC_d2730.dir/src.c.o
/usr/bin/cc   -fPIC -Wall -Wno-unused-result -Wno-unused-but-set-variable -Wno-deprecated-declarations -fvisibility=hidden -Wimplicit-function-declaration -Wredundant-decls -Dfno-omit-frame-pointer -fPIE   -fno-omit-frame-pointer -o CMakeFiles/cmTC_d2730.dir/src.c.o   -c /home/ollie/freerdp/FreeRDP/CMakeFiles/CMakeTmp/src.c
<command-line>: warning: ISO C99 requires whitespace after the macro name
Linking C executable cmTC_d2730
/usr/bin/cmake -E cmake_link_script CMakeFiles/cmTC_d2730.dir/link.txt --verbose=1
/usr/bin/cc  -fPIC -Wall -Wno-unused-result -Wno-unused-but-set-variable -Wno-deprecated-declarations -fvisibility=hidden -Wimplicit-function-declaration -Wredundant-decls -Dfno-omit-frame-pointer    -rdynamic CMakeFiles/cmTC_d2730.dir/src.c.o  -o cmTC_d2730 
make[1]: Leaving directory '/home/ollie/freerdp/FreeRDP/CMakeFiles/CMakeTmp'


Source file was:
int main(void) { return 0; }
Determining if files fcntl.h exist passed with the following output:
Change Dir: /home/ollie/freerdp/FreeRDP/CMakeFiles/CMakeTmp

Run Build Command(s):/usr/bin/make cmTC_2b4aa/fast && /usr/bin/make -f CMakeFiles/cmTC_2b4aa.dir/build.make CMakeFiles/cmTC_2b4aa.dir/build
make[1]: Entering directory '/home/ollie/freerdp/FreeRDP/CMakeFiles/CMakeTmp'
Building C object CMakeFiles/cmTC_2b4aa.dir/HAVE_FCNTL_H.c.o
/usr/bin/cc   -fPIC -Wall -Wno-unused-result -Wno-unused-but-set-variable -Wno-deprecated-declarations -fvisibility=hidden -Wimplicit-function-declaration -Wredundant-decls -fno-omit-frame-pointer  -fPIE   -o CMakeFiles/cmTC_2b4aa.dir/HAVE_FCNTL_H.c.o   -c /home/ollie/freerdp/FreeRDP/CMakeFiles/CheckIncludeFiles/HAVE_FCNTL_H.c
Linking C executable cmTC_2b4aa
/usr/bin/cmake -E cmake_link_script CMakeFiles/cmTC_2b4aa.dir/link.txt --verbose=1
/usr/bin/cc  -fPIC -Wall -Wno-unused-result -Wno-unused-but-set-variable -Wno-deprecated-declarations -fvisibility=hidden -Wimplicit-function-declaration -Wredundant-decls -fno-omit-frame-pointer     -rdynamic CMakeFiles/cmTC_2b4aa.dir/HAVE_FCNTL_H.c.o  -o cmTC_2b4aa 
make[1]: Leaving directory '/home/ollie/freerdp/FreeRDP/CMakeFiles/CMakeTmp'



Determining if files unistd.h exist passed with the following output:
Change Dir: /home/ollie/freerdp/FreeRDP/CMakeFiles/CMakeTmp

Run Build Command(s):/usr/bin/make cmTC_7da63/fast && /usr/bin/make -f CMakeFiles/cmTC_7da63.dir/build.make CMakeFiles/cmTC_7da63.dir/build
make[1]: Entering directory '/home/ollie/freerdp/FreeRDP/CMakeFiles/CMakeTmp'
Building C object CMakeFiles/cmTC_7da63.dir/HAVE_UNISTD_H.c.o
/usr/bin/cc   -fPIC -Wall -Wno-unused-result -Wno-unused-but-set-variable -Wno-deprecated-declarations -fvisibility=hidden -Wimplicit-function-declaration -Wredundant-decls -fno-omit-frame-pointer  -fPIE   -o CMakeFiles/cmTC_7da63.dir/HAVE_UNISTD_H.c.o   -c /home/ollie/freerdp/FreeRDP/CMakeFiles/CheckIncludeFiles/HAVE_UNISTD_H.c
Linking C executable cmTC_7da63
/usr/bin/cmake -E cmake_link_script CMakeFiles/cmTC_7da63.dir/link.txt --verbose=1
/usr/bin/cc  -fPIC -Wall -Wno-unused-result -Wno-unused-but-set-variable -Wno-deprecated-declarations -fvisibility=hidden -Wimplicit-function-declaration -Wredundant-decls -fno-omit-frame-pointer     -rdynamic CMakeFiles/cmTC_7da63.dir/HAVE_UNISTD_H.c.o  -o cmTC_7da63 
make[1]: Leaving directory '/home/ollie/freerdp/FreeRDP/CMakeFiles/CMakeTmp'



Determining if files execinfo.h exist passed with the following output:
Change Dir: /home/ollie/freerdp/FreeRDP/CMakeFiles/CMakeTmp

Run Build Command(s):/usr/bin/make cmTC_3f91d/fast && /usr/bin/make -f CMakeFiles/cmTC_3f91d.dir/build.make CMakeFiles/cmTC_3f91d.dir/build
make[1]: Entering directory '/home/ollie/freerdp/FreeRDP/CMakeFiles/CMakeTmp'
Building C object CMakeFiles/cmTC_3f91d.dir/HAVE_EXECINFO_H.c.o
/usr/bin/cc   -fPIC -Wall -Wno-unused-result -Wno-unused-but-set-variable -Wno-deprecated-declarations -fvisibility=hidden -Wimplicit-function-declaration -Wredundant-decls -fno-omit-frame-pointer  -fPIE   -o CMakeFiles/cmTC_3f91d.dir/HAVE_EXECINFO_H.c.o   -c /home/ollie/freerdp/FreeRDP/CMakeFiles/CheckIncludeFiles/HAVE_EXECINFO_H.c
Linking C executable cmTC_3f91d
/usr/bin/cmake -E cmake_link_script CMakeFiles/cmTC_3f91d.dir/link.txt --verbose=1
/usr/bin/cc  -fPIC -Wall -Wno-unused-result -Wno-unused-but-set-variable -Wno-deprecated-declarations -fvisibility=hidden -Wimplicit-function-declaration -Wredundant-decls -fno-omit-frame-pointer     -rdynamic CMakeFiles/cmTC_3f91d.dir/HAVE_EXECINFO_H.c.o  -o cmTC_3f91d 
make[1]: Leaving directory '/home/ollie/freerdp/FreeRDP/CMakeFiles/CMakeTmp'



Determining if files inttypes.h exist passed with the following output:
Change Dir: /home/ollie/freerdp/FreeRDP/CMakeFiles/CMakeTmp

Run Build Command(s):/usr/bin/make cmTC_745b9/fast && /usr/bin/make -f CMakeFiles/cmTC_745b9.dir/build.make CMakeFiles/cmTC_745b9.dir/build
make[1]: Entering directory '/home/ollie/freerdp/FreeRDP/CMakeFiles/CMakeTmp'
Building C object CMakeFiles/cmTC_745b9.dir/HAVE_INTTYPES_H.c.o
/usr/bin/cc   -fPIC -Wall -Wno-unused-result -Wno-unused-but-set-variable -Wno-deprecated-declarations -fvisibility=hidden -Wimplicit-function-declaration -Wredundant-decls -fno-omit-frame-pointer  -fPIE   -o CMakeFiles/cmTC_745b9.dir/HAVE_INTTYPES_H.c.o   -c /home/ollie/freerdp/FreeRDP/CMakeFiles/CheckIncludeFiles/HAVE_INTTYPES_H.c
Linking C executable cmTC_745b9
/usr/bin/cmake -E cmake_link_script CMakeFiles/cmTC_745b9.dir/link.txt --verbose=1
/usr/bin/cc  -fPIC -Wall -Wno-unused-result -Wno-unused-but-set-variable -Wno-deprecated-declarations -fvisibility=hidden -Wimplicit-function-declaration -Wredundant-decls -fno-omit-frame-pointer     -rdynamic CMakeFiles/cmTC_745b9.dir/HAVE_INTTYPES_H.c.o  -o cmTC_745b9 
make[1]: Leaving directory '/home/ollie/freerdp/FreeRDP/CMakeFiles/CMakeTmp'



Determining if files sys/select.h exist passed with the following output:
Change Dir: /home/ollie/freerdp/FreeRDP/CMakeFiles/CMakeTmp

Run Build Command(s):/usr/bin/make cmTC_fdca5/fast && /usr/bin/make -f CMakeFiles/cmTC_fdca5.dir/build.make CMakeFiles/cmTC_fdca5.dir/build
make[1]: Entering directory '/home/ollie/freerdp/FreeRDP/CMakeFiles/CMakeTmp'
Building C object CMakeFiles/cmTC_fdca5.dir/HAVE_SYS_SELECT_H.c.o
/usr/bin/cc   -fPIC -Wall -Wno-unused-result -Wno-unused-but-set-variable -Wno-deprecated-declarations -fvisibility=hidden -Wimplicit-function-declaration -Wredundant-decls -fno-omit-frame-pointer  -fPIE   -o CMakeFiles/cmTC_fdca5.dir/HAVE_SYS_SELECT_H.c.o   -c /home/ollie/freerdp/FreeRDP/CMakeFiles/CheckIncludeFiles/HAVE_SYS_SELECT_H.c
Linking C executable cmTC_fdca5
/usr/bin/cmake -E cmake_link_script CMakeFiles/cmTC_fdca5.dir/link.txt --verbose=1
/usr/bin/cc  -fPIC -Wall -Wno-unused-result -Wno-unused-but-set-variable -Wno-deprecated-declarations -fvisibility=hidden -Wimplicit-function-declaration -Wredundant-decls -fno-omit-frame-pointer     -rdynamic CMakeFiles/cmTC_fdca5.dir/HAVE_SYS_SELECT_H.c.o  -o cmTC_fdca5 
make[1]: Leaving directory '/home/ollie/freerdp/FreeRDP/CMakeFiles/CMakeTmp'



Determining if files syslog.h exist passed with the following output:
Change Dir: /home/ollie/freerdp/FreeRDP/CMakeFiles/CMakeTmp

Run Build Command(s):/usr/bin/make cmTC_1b4a5/fast && /usr/bin/make -f CMakeFiles/cmTC_1b4a5.dir/build.make CMakeFiles/cmTC_1b4a5.dir/build
make[1]: Entering directory '/home/ollie/freerdp/FreeRDP/CMakeFiles/CMakeTmp'
Building C object CMakeFiles/cmTC_1b4a5.dir/HAVE_SYSLOG_H.c.o
/usr/bin/cc   -fPIC -Wall -Wno-unused-result -Wno-unused-but-set-variable -Wno-deprecated-declarations -fvisibility=hidden -Wimplicit-function-declaration -Wredundant-decls -fno-omit-frame-pointer  -fPIE   -o CMakeFiles/cmTC_1b4a5.dir/HAVE_SYSLOG_H.c.o   -c /home/ollie/freerdp/FreeRDP/CMakeFiles/CheckIncludeFiles/HAVE_SYSLOG_H.c
Linking C executable cmTC_1b4a5
/usr/bin/cmake -E cmake_link_script CMakeFiles/cmTC_1b4a5.dir/link.txt --verbose=1
/usr/bin/cc  -fPIC -Wall -Wno-unused-result -Wno-unused-but-set-variable -Wno-deprecated-declarations -fvisibility=hidden -Wimplicit-function-declaration -Wredundant-decls -fno-omit-frame-pointer     -rdynamic CMakeFiles/cmTC_1b4a5.dir/HAVE_SYSLOG_H.c.o  -o cmTC_1b4a5 
make[1]: Leaving directory '/home/ollie/freerdp/FreeRDP/CMakeFiles/CMakeTmp'



Performing C SOURCE FILE Test HAVE_TM_GMTOFF succeeded with the following output:
Change Dir: /home/ollie/freerdp/FreeRDP/CMakeFiles/CMakeTmp

Run Build Command(s):/usr/bin/make cmTC_8be76/fast && /usr/bin/make -f CMakeFiles/cmTC_8be76.dir/build.make CMakeFiles/cmTC_8be76.dir/build
make[1]: Entering directory '/home/ollie/freerdp/FreeRDP/CMakeFiles/CMakeTmp'
Building C object CMakeFiles/cmTC_8be76.dir/src.c.o
/usr/bin/cc   -fPIC -Wall -Wno-unused-result -Wno-unused-but-set-variable -Wno-deprecated-declarations -fvisibility=hidden -Wimplicit-function-declaration -Wredundant-decls -fno-omit-frame-pointer -DHAVE_TM_GMTOFF -fPIE   -o CMakeFiles/cmTC_8be76.dir/src.c.o   -c /home/ollie/freerdp/FreeRDP/CMakeFiles/CMakeTmp/src.c
Linking C executable cmTC_8be76
/usr/bin/cmake -E cmake_link_script CMakeFiles/cmTC_8be76.dir/link.txt --verbose=1
/usr/bin/cc  -fPIC -Wall -Wno-unused-result -Wno-unused-but-set-variable -Wno-deprecated-declarations -fvisibility=hidden -Wimplicit-function-declaration -Wredundant-decls -fno-omit-frame-pointer -DHAVE_TM_GMTOFF    -rdynamic CMakeFiles/cmTC_8be76.dir/src.c.o  -o cmTC_8be76 
make[1]: Leaving directory '/home/ollie/freerdp/FreeRDP/CMakeFiles/CMakeTmp'


Source file was:

#include <time.h>

int main()
{
  (void)sizeof(((struct tm *)0)->tm_gmtoff);
  return 0;
}

Determining if files aio.h exist passed with the following output:
Change Dir: /home/ollie/freerdp/FreeRDP/CMakeFiles/CMakeTmp

Run Build Command(s):/usr/bin/make cmTC_21d1c/fast && /usr/bin/make -f CMakeFiles/cmTC_21d1c.dir/build.make CMakeFiles/cmTC_21d1c.dir/build
make[1]: Entering directory '/home/ollie/freerdp/FreeRDP/CMakeFiles/CMakeTmp'
Building C object CMakeFiles/cmTC_21d1c.dir/HAVE_AIO_H.c.o
/usr/bin/cc   -fPIC -Wall -Wno-unused-result -Wno-unused-but-set-variable -Wno-deprecated-declarations -fvisibility=hidden -Wimplicit-function-declaration -Wredundant-decls -fno-omit-frame-pointer  -fPIE   -o CMakeFiles/cmTC_21d1c.dir/HAVE_AIO_H.c.o   -c /home/ollie/freerdp/FreeRDP/CMakeFiles/CheckIncludeFiles/HAVE_AIO_H.c
Linking C executable cmTC_21d1c
/usr/bin/cmake -E cmake_link_script CMakeFiles/cmTC_21d1c.dir/link.txt --verbose=1
/usr/bin/cc  -fPIC -Wall -Wno-unused-result -Wno-unused-but-set-variable -Wno-deprecated-declarations -fvisibility=hidden -Wimplicit-function-declaration -Wredundant-decls -fno-omit-frame-pointer     -rdynamic CMakeFiles/cmTC_21d1c.dir/HAVE_AIO_H.c.o  -o cmTC_21d1c 
make[1]: Leaving directory '/home/ollie/freerdp/FreeRDP/CMakeFiles/CMakeTmp'



Determining if files sys/eventfd.h exist passed with the following output:
Change Dir: /home/ollie/freerdp/FreeRDP/CMakeFiles/CMakeTmp

Run Build Command(s):/usr/bin/make cmTC_ce81b/fast && /usr/bin/make -f CMakeFiles/cmTC_ce81b.dir/build.make CMakeFiles/cmTC_ce81b.dir/build
make[1]: Entering directory '/home/ollie/freerdp/FreeRDP/CMakeFiles/CMakeTmp'
Building C object CMakeFiles/cmTC_ce81b.dir/HAVE_SYS_EVENTFD_H.c.o
/usr/bin/cc   -fPIC -Wall -Wno-unused-result -Wno-unused-but-set-variable -Wno-deprecated-declarations -fvisibility=hidden -Wimplicit-function-declaration -Wredundant-decls -fno-omit-frame-pointer  -fPIE   -o CMakeFiles/cmTC_ce81b.dir/HAVE_SYS_EVENTFD_H.c.o   -c /home/ollie/freerdp/FreeRDP/CMakeFiles/CheckIncludeFiles/HAVE_SYS_EVENTFD_H.c
Linking C executable cmTC_ce81b
/usr/bin/cmake -E cmake_link_script CMakeFiles/cmTC_ce81b.dir/link.txt --verbose=1
/usr/bin/cc  -fPIC -Wall -Wno-unused-result -Wno-unused-but-set-variable -Wno-deprecated-declarations -fvisibility=hidden -Wimplicit-function-declaration -Wredundant-decls -fno-omit-frame-pointer     -rdynamic CMakeFiles/cmTC_ce81b.dir/HAVE_SYS_EVENTFD_H.c.o  -o cmTC_ce81b 
make[1]: Leaving directory '/home/ollie/freerdp/FreeRDP/CMakeFiles/CMakeTmp'



Determining if the eventfd_read exist passed with the following output:
Change Dir: /home/ollie/freerdp/FreeRDP/CMakeFiles/CMakeTmp

Run Build Command(s):/usr/bin/make cmTC_359de/fast && /usr/bin/make -f CMakeFiles/cmTC_359de.dir/build.make CMakeFiles/cmTC_359de.dir/build
make[1]: Entering directory '/home/ollie/freerdp/FreeRDP/CMakeFiles/CMakeTmp'
Building C object CMakeFiles/cmTC_359de.dir/CheckSymbolExists.c.o
/usr/bin/cc   -fPIC -Wall -Wno-unused-result -Wno-unused-but-set-variable -Wno-deprecated-declarations -fvisibility=hidden -Wimplicit-function-declaration -Wredundant-decls -fno-omit-frame-pointer  -fPIE   -o CMakeFiles/cmTC_359de.dir/CheckSymbolExists.c.o   -c /home/ollie/freerdp/FreeRDP/CMakeFiles/CMakeTmp/CheckSymbolExists.c
Linking C executable cmTC_359de
/usr/bin/cmake -E cmake_link_script CMakeFiles/cmTC_359de.dir/link.txt --verbose=1
/usr/bin/cc  -fPIC -Wall -Wno-unused-result -Wno-unused-but-set-variable -Wno-deprecated-declarations -fvisibility=hidden -Wimplicit-function-declaration -Wredundant-decls -fno-omit-frame-pointer     -rdynamic CMakeFiles/cmTC_359de.dir/CheckSymbolExists.c.o  -o cmTC_359de 
make[1]: Leaving directory '/home/ollie/freerdp/FreeRDP/CMakeFiles/CMakeTmp'


File /home/ollie/freerdp/FreeRDP/CMakeFiles/CMakeTmp/CheckSymbolExists.c:
/* */
#include <sys/eventfd.h>

int main(int argc, char** argv)
{
  (void)argv;
#ifndef eventfd_read
  return ((int*)(&eventfd_read))[argc];
#else
  (void)argc;
  return 0;
#endif
}
Determining if files sys/timerfd.h exist passed with the following output:
Change Dir: /home/ollie/freerdp/FreeRDP/CMakeFiles/CMakeTmp

Run Build Command(s):/usr/bin/make cmTC_fbbbd/fast && /usr/bin/make -f CMakeFiles/cmTC_fbbbd.dir/build.make CMakeFiles/cmTC_fbbbd.dir/build
make[1]: Entering directory '/home/ollie/freerdp/FreeRDP/CMakeFiles/CMakeTmp'
Building C object CMakeFiles/cmTC_fbbbd.dir/HAVE_SYS_TIMERFD_H.c.o
/usr/bin/cc   -fPIC -Wall -Wno-unused-result -Wno-unused-but-set-variable -Wno-deprecated-declarations -fvisibility=hidden -Wimplicit-function-declaration -Wredundant-decls -fno-omit-frame-pointer  -fPIE   -o CMakeFiles/cmTC_fbbbd.dir/HAVE_SYS_TIMERFD_H.c.o   -c /home/ollie/freerdp/FreeRDP/CMakeFiles/CheckIncludeFiles/HAVE_SYS_TIMERFD_H.c
Linking C executable cmTC_fbbbd
/usr/bin/cmake -E cmake_link_script CMakeFiles/cmTC_fbbbd.dir/link.txt --verbose=1
/usr/bin/cc  -fPIC -Wall -Wno-unused-result -Wno-unused-but-set-variable -Wno-deprecated-declarations -fvisibility=hidden -Wimplicit-function-declaration -Wredundant-decls -fno-omit-frame-pointer     -rdynamic CMakeFiles/cmTC_fbbbd.dir/HAVE_SYS_TIMERFD_H.c.o  -o cmTC_fbbbd 
make[1]: Leaving directory '/home/ollie/freerdp/FreeRDP/CMakeFiles/CMakeTmp'



Determining if files poll.h exist passed with the following output:
Change Dir: /home/ollie/freerdp/FreeRDP/CMakeFiles/CMakeTmp

Run Build Command(s):/usr/bin/make cmTC_48925/fast && /usr/bin/make -f CMakeFiles/cmTC_48925.dir/build.make CMakeFiles/cmTC_48925.dir/build
make[1]: Entering directory '/home/ollie/freerdp/FreeRDP/CMakeFiles/CMakeTmp'
Building C object CMakeFiles/cmTC_48925.dir/HAVE_POLL_H.c.o
/usr/bin/cc   -fPIC -Wall -Wno-unused-result -Wno-unused-but-set-variable -Wno-deprecated-declarations -fvisibility=hidden -Wimplicit-function-declaration -Wredundant-decls -fno-omit-frame-pointer  -fPIE   -o CMakeFiles/cmTC_48925.dir/HAVE_POLL_H.c.o   -c /home/ollie/freerdp/FreeRDP/CMakeFiles/CheckIncludeFiles/HAVE_POLL_H.c
Linking C executable cmTC_48925
/usr/bin/cmake -E cmake_link_script CMakeFiles/cmTC_48925.dir/link.txt --verbose=1
/usr/bin/cc  -fPIC -Wall -Wno-unused-result -Wno-unused-but-set-variable -Wno-deprecated-declarations -fvisibility=hidden -Wimplicit-function-declaration -Wredundant-decls -fno-omit-frame-pointer     -rdynamic CMakeFiles/cmTC_48925.dir/HAVE_POLL_H.c.o  -o cmTC_48925 
make[1]: Leaving directory '/home/ollie/freerdp/FreeRDP/CMakeFiles/CMakeTmp'



Determining if the ceill exist passed with the following output:
Change Dir: /home/ollie/freerdp/FreeRDP/CMakeFiles/CMakeTmp

Run Build Command(s):/usr/bin/make cmTC_bc79f/fast && /usr/bin/make -f CMakeFiles/cmTC_bc79f.dir/build.make CMakeFiles/cmTC_bc79f.dir/build
make[1]: Entering directory '/home/ollie/freerdp/FreeRDP/CMakeFiles/CMakeTmp'
Building C object CMakeFiles/cmTC_bc79f.dir/CheckSymbolExists.c.o
/usr/bin/cc   -fPIC -Wall -Wno-unused-result -Wno-unused-but-set-variable -Wno-deprecated-declarations -fvisibility=hidden -Wimplicit-function-declaration -Wredundant-decls -fno-omit-frame-pointer  -fPIE   -o CMakeFiles/cmTC_bc79f.dir/CheckSymbolExists.c.o   -c /home/ollie/freerdp/FreeRDP/CMakeFiles/CMakeTmp/CheckSymbolExists.c
Linking C executable cmTC_bc79f
/usr/bin/cmake -E cmake_link_script CMakeFiles/cmTC_bc79f.dir/link.txt --verbose=1
/usr/bin/cc  -fPIC -Wall -Wno-unused-result -Wno-unused-but-set-variable -Wno-deprecated-declarations -fvisibility=hidden -Wimplicit-function-declaration -Wredundant-decls -fno-omit-frame-pointer     -rdynamic CMakeFiles/cmTC_bc79f.dir/CheckSymbolExists.c.o  -o cmTC_bc79f  -lm 
make[1]: Leaving directory '/home/ollie/freerdp/FreeRDP/CMakeFiles/CMakeTmp'


File /home/ollie/freerdp/FreeRDP/CMakeFiles/CMakeTmp/CheckSymbolExists.c:
/* */
#include <math.h>

int main(int argc, char** argv)
{
  (void)argv;
#ifndef ceill
  return ((int*)(&ceill))[argc];
#else
  (void)argc;
  return 0;
#endif
}
Determining if the function getlogin_r exists passed with the following output:
Change Dir: /home/ollie/freerdp/FreeRDP/CMakeFiles/CMakeTmp

Run Build Command(s):/usr/bin/make cmTC_eba6f/fast && /usr/bin/make -f CMakeFiles/cmTC_eba6f.dir/build.make CMakeFiles/cmTC_eba6f.dir/build
make[1]: Entering directory '/home/ollie/freerdp/FreeRDP/CMakeFiles/CMakeTmp'
Building C object CMakeFiles/cmTC_eba6f.dir/CheckFunctionExists.c.o
/usr/bin/cc   -fPIC -Wall -Wno-unused-result -Wno-unused-but-set-variable -Wno-deprecated-declarations -fvisibility=hidden -Wimplicit-function-declaration -Wredundant-decls -fno-omit-frame-pointer -DCHECK_FUNCTION_EXISTS=getlogin_r -fPIE   -o CMakeFiles/cmTC_eba6f.dir/CheckFunctionExists.c.o   -c /usr/share/cmake-3.16/Modules/CheckFunctionExists.c
Linking C executable cmTC_eba6f
/usr/bin/cmake -E cmake_link_script CMakeFiles/cmTC_eba6f.dir/link.txt --verbose=1
/usr/bin/cc  -fPIC -Wall -Wno-unused-result -Wno-unused-but-set-variable -Wno-deprecated-declarations -fvisibility=hidden -Wimplicit-function-declaration -Wredundant-decls -fno-omit-frame-pointer -DCHECK_FUNCTION_EXISTS=getlogin_r    -rdynamic CMakeFiles/cmTC_eba6f.dir/CheckFunctionExists.c.o  -o cmTC_eba6f 
make[1]: Leaving directory '/home/ollie/freerdp/FreeRDP/CMakeFiles/CMakeTmp'



Determining if files stdbool.h exist passed with the following output:
Change Dir: /home/ollie/freerdp/FreeRDP/CMakeFiles/CMakeTmp

Run Build Command(s):/usr/bin/make cmTC_55e70/fast && /usr/bin/make -f CMakeFiles/cmTC_55e70.dir/build.make CMakeFiles/cmTC_55e70.dir/build
make[1]: Entering directory '/home/ollie/freerdp/FreeRDP/CMakeFiles/CMakeTmp'
Building C object CMakeFiles/cmTC_55e70.dir/WINPR_HAVE_STDBOOL_H.c.o
/usr/bin/cc   -fPIC -Wall -Wno-unused-result -Wno-unused-but-set-variable -Wno-deprecated-declarations -fvisibility=hidden -Wimplicit-function-declaration -Wredundant-decls -fno-omit-frame-pointer -DWINPR_DLL  -fPIE   -o CMakeFiles/cmTC_55e70.dir/WINPR_HAVE_STDBOOL_H.c.o   -c /home/ollie/freerdp/FreeRDP/CMakeFiles/CheckIncludeFiles/WINPR_HAVE_STDBOOL_H.c
Linking C executable cmTC_55e70
/usr/bin/cmake -E cmake_link_script CMakeFiles/cmTC_55e70.dir/link.txt --verbose=1
/usr/bin/cc  -fPIC -Wall -Wno-unused-result -Wno-unused-but-set-variable -Wno-deprecated-declarations -fvisibility=hidden -Wimplicit-function-declaration -Wredundant-decls -fno-omit-frame-pointer -DWINPR_DLL     -rdynamic CMakeFiles/cmTC_55e70.dir/WINPR_HAVE_STDBOOL_H.c.o  -o cmTC_55e70 
make[1]: Leaving directory '/home/ollie/freerdp/FreeRDP/CMakeFiles/CMakeTmp'



Determining if files stdint.h exist passed with the following output:
Change Dir: /home/ollie/freerdp/FreeRDP/CMakeFiles/CMakeTmp

Run Build Command(s):/usr/bin/make cmTC_87070/fast && /usr/bin/make -f CMakeFiles/cmTC_87070.dir/build.make CMakeFiles/cmTC_87070.dir/build
make[1]: Entering directory '/home/ollie/freerdp/FreeRDP/CMakeFiles/CMakeTmp'
Building C object CMakeFiles/cmTC_87070.dir/WINPR_HAVE_STDINT_H.c.o
/usr/bin/cc   -fPIC -Wall -Wno-unused-result -Wno-unused-but-set-variable -Wno-deprecated-declarations -fvisibility=hidden -Wimplicit-function-declaration -Wredundant-decls -fno-omit-frame-pointer -DWINPR_DLL  -fPIE   -o CMakeFiles/cmTC_87070.dir/WINPR_HAVE_STDINT_H.c.o   -c /home/ollie/freerdp/FreeRDP/CMakeFiles/CheckIncludeFiles/WINPR_HAVE_STDINT_H.c
Linking C executable cmTC_87070
/usr/bin/cmake -E cmake_link_script CMakeFiles/cmTC_87070.dir/link.txt --verbose=1
/usr/bin/cc  -fPIC -Wall -Wno-unused-result -Wno-unused-but-set-variable -Wno-deprecated-declarations -fvisibility=hidden -Wimplicit-function-declaration -Wredundant-decls -fno-omit-frame-pointer -DWINPR_DLL     -rdynamic CMakeFiles/cmTC_87070.dir/WINPR_HAVE_STDINT_H.c.o  -o cmTC_87070 
make[1]: Leaving directory '/home/ollie/freerdp/FreeRDP/CMakeFiles/CMakeTmp'



Determining if files inttypes.h exist passed with the following output:
Change Dir: /home/ollie/freerdp/FreeRDP/CMakeFiles/CMakeTmp

Run Build Command(s):/usr/bin/make cmTC_fb0d2/fast && /usr/bin/make -f CMakeFiles/cmTC_fb0d2.dir/build.make CMakeFiles/cmTC_fb0d2.dir/build
make[1]: Entering directory '/home/ollie/freerdp/FreeRDP/CMakeFiles/CMakeTmp'
Building C object CMakeFiles/cmTC_fb0d2.dir/WINPR_HAVE_INTTYPES_H.c.o
/usr/bin/cc   -fPIC -Wall -Wno-unused-result -Wno-unused-but-set-variable -Wno-deprecated-declarations -fvisibility=hidden -Wimplicit-function-declaration -Wredundant-decls -fno-omit-frame-pointer -DWINPR_DLL  -fPIE   -o CMakeFiles/cmTC_fb0d2.dir/WINPR_HAVE_INTTYPES_H.c.o   -c /home/ollie/freerdp/FreeRDP/CMakeFiles/CheckIncludeFiles/WINPR_HAVE_INTTYPES_H.c
Linking C executable cmTC_fb0d2
/usr/bin/cmake -E cmake_link_script CMakeFiles/cmTC_fb0d2.dir/link.txt --verbose=1
/usr/bin/cc  -fPIC -Wall -Wno-unused-result -Wno-unused-but-set-variable -Wno-deprecated-declarations -fvisibility=hidden -Wimplicit-function-declaration -Wredundant-decls -fno-omit-frame-pointer -DWINPR_DLL     -rdynamic CMakeFiles/cmTC_fb0d2.dir/WINPR_HAVE_INTTYPES_H.c.o  -o cmTC_fb0d2 
make[1]: Leaving directory '/home/ollie/freerdp/FreeRDP/CMakeFiles/CMakeTmp'



Determining if the function timer_create exists passed with the following output:
Change Dir: /home/ollie/freerdp/FreeRDP/CMakeFiles/CMakeTmp

Run Build Command(s):/usr/bin/make cmTC_db3b6/fast && /usr/bin/make -f CMakeFiles/cmTC_db3b6.dir/build.make CMakeFiles/cmTC_db3b6.dir/build
make[1]: Entering directory '/home/ollie/freerdp/FreeRDP/CMakeFiles/CMakeTmp'
Building C object CMakeFiles/cmTC_db3b6.dir/CheckFunctionExists.c.o
/usr/bin/cc   -fPIC -Wall -Wno-unused-result -Wno-unused-but-set-variable -Wno-deprecated-declarations -fvisibility=hidden -Wimplicit-function-declaration -Wredundant-decls -fno-omit-frame-pointer -DWINPR_DLL -DWINPR_DLL -DWINPR_EXPORTS -DCHECK_FUNCTION_EXISTS=timer_create -fPIE   -o CMakeFiles/cmTC_db3b6.dir/CheckFunctionExists.c.o   -c /usr/share/cmake-3.16/Modules/CheckFunctionExists.c
Linking C executable cmTC_db3b6
/usr/bin/cmake -E cmake_link_script CMakeFiles/cmTC_db3b6.dir/link.txt --verbose=1
/usr/bin/cc  -fPIC -Wall -Wno-unused-result -Wno-unused-but-set-variable -Wno-deprecated-declarations -fvisibility=hidden -Wimplicit-function-declaration -Wredundant-decls -fno-omit-frame-pointer -DWINPR_DLL -DWINPR_DLL -DWINPR_EXPORTS -DCHECK_FUNCTION_EXISTS=timer_create    -rdynamic CMakeFiles/cmTC_db3b6.dir/CheckFunctionExists.c.o  -o cmTC_db3b6  -lrt 
make[1]: Leaving directory '/home/ollie/freerdp/FreeRDP/CMakeFiles/CMakeTmp'



Determining if the function timer_delete exists passed with the following output:
Change Dir: /home/ollie/freerdp/FreeRDP/CMakeFiles/CMakeTmp

Run Build Command(s):/usr/bin/make cmTC_1062a/fast && /usr/bin/make -f CMakeFiles/cmTC_1062a.dir/build.make CMakeFiles/cmTC_1062a.dir/build
make[1]: Entering directory '/home/ollie/freerdp/FreeRDP/CMakeFiles/CMakeTmp'
Building C object CMakeFiles/cmTC_1062a.dir/CheckFunctionExists.c.o
/usr/bin/cc   -fPIC -Wall -Wno-unused-result -Wno-unused-but-set-variable -Wno-deprecated-declarations -fvisibility=hidden -Wimplicit-function-declaration -Wredundant-decls -fno-omit-frame-pointer -DWINPR_DLL -DWINPR_DLL -DWINPR_EXPORTS -DCHECK_FUNCTION_EXISTS=timer_delete -fPIE   -o CMakeFiles/cmTC_1062a.dir/CheckFunctionExists.c.o   -c /usr/share/cmake-3.16/Modules/CheckFunctionExists.c
Linking C executable cmTC_1062a
/usr/bin/cmake -E cmake_link_script CMakeFiles/cmTC_1062a.dir/link.txt --verbose=1
/usr/bin/cc  -fPIC -Wall -Wno-unused-result -Wno-unused-but-set-variable -Wno-deprecated-declarations -fvisibility=hidden -Wimplicit-function-declaration -Wredundant-decls -fno-omit-frame-pointer -DWINPR_DLL -DWINPR_DLL -DWINPR_EXPORTS -DCHECK_FUNCTION_EXISTS=timer_delete    -rdynamic CMakeFiles/cmTC_1062a.dir/CheckFunctionExists.c.o  -o cmTC_1062a  -lrt 
make[1]: Leaving directory '/home/ollie/freerdp/FreeRDP/CMakeFiles/CMakeTmp'



Determining if the function timer_settime exists passed with the following output:
Change Dir: /home/ollie/freerdp/FreeRDP/CMakeFiles/CMakeTmp

Run Build Command(s):/usr/bin/make cmTC_3ec27/fast && /usr/bin/make -f CMakeFiles/cmTC_3ec27.dir/build.make CMakeFiles/cmTC_3ec27.dir/build
make[1]: Entering directory '/home/ollie/freerdp/FreeRDP/CMakeFiles/CMakeTmp'
Building C object CMakeFiles/cmTC_3ec27.dir/CheckFunctionExists.c.o
/usr/bin/cc   -fPIC -Wall -Wno-unused-result -Wno-unused-but-set-variable -Wno-deprecated-declarations -fvisibility=hidden -Wimplicit-function-declaration -Wredundant-decls -fno-omit-frame-pointer -DWINPR_DLL -DWINPR_DLL -DWINPR_EXPORTS -DCHECK_FUNCTION_EXISTS=timer_settime -fPIE   -o CMakeFiles/cmTC_3ec27.dir/CheckFunctionExists.c.o   -c /usr/share/cmake-3.16/Modules/CheckFunctionExists.c
Linking C executable cmTC_3ec27
/usr/bin/cmake -E cmake_link_script CMakeFiles/cmTC_3ec27.dir/link.txt --verbose=1
/usr/bin/cc  -fPIC -Wall -Wno-unused-result -Wno-unused-but-set-variable -Wno-deprecated-declarations -fvisibility=hidden -Wimplicit-function-declaration -Wredundant-decls -fno-omit-frame-pointer -DWINPR_DLL -DWINPR_DLL -DWINPR_EXPORTS -DCHECK_FUNCTION_EXISTS=timer_settime    -rdynamic CMakeFiles/cmTC_3ec27.dir/CheckFunctionExists.c.o  -o cmTC_3ec27  -lrt 
make[1]: Leaving directory '/home/ollie/freerdp/FreeRDP/CMakeFiles/CMakeTmp'



Determining if the function timer_gettime exists passed with the following output:
Change Dir: /home/ollie/freerdp/FreeRDP/CMakeFiles/CMakeTmp

Run Build Command(s):/usr/bin/make cmTC_7716f/fast && /usr/bin/make -f CMakeFiles/cmTC_7716f.dir/build.make CMakeFiles/cmTC_7716f.dir/build
make[1]: Entering directory '/home/ollie/freerdp/FreeRDP/CMakeFiles/CMakeTmp'
Building C object CMakeFiles/cmTC_7716f.dir/CheckFunctionExists.c.o
/usr/bin/cc   -fPIC -Wall -Wno-unused-result -Wno-unused-but-set-variable -Wno-deprecated-declarations -fvisibility=hidden -Wimplicit-function-declaration -Wredundant-decls -fno-omit-frame-pointer -DWINPR_DLL -DWINPR_DLL -DWINPR_EXPORTS -DCHECK_FUNCTION_EXISTS=timer_gettime -fPIE   -o CMakeFiles/cmTC_7716f.dir/CheckFunctionExists.c.o   -c /usr/share/cmake-3.16/Modules/CheckFunctionExists.c
Linking C executable cmTC_7716f
/usr/bin/cmake -E cmake_link_script CMakeFiles/cmTC_7716f.dir/link.txt --verbose=1
/usr/bin/cc  -fPIC -Wall -Wno-unused-result -Wno-unused-but-set-variable -Wno-deprecated-declarations -fvisibility=hidden -Wimplicit-function-declaration -Wredundant-decls -fno-omit-frame-pointer -DWINPR_DLL -DWINPR_DLL -DWINPR_EXPORTS -DCHECK_FUNCTION_EXISTS=timer_gettime    -rdynamic CMakeFiles/cmTC_7716f.dir/CheckFunctionExists.c.o  -o cmTC_7716f  -lrt 
make[1]: Leaving directory '/home/ollie/freerdp/FreeRDP/CMakeFiles/CMakeTmp'



Determining if the function backtrace exists passed with the following output:
Change Dir: /home/ollie/freerdp/FreeRDP/CMakeFiles/CMakeTmp

Run Build Command(s):/usr/bin/make cmTC_5e804/fast && /usr/bin/make -f CMakeFiles/cmTC_5e804.dir/build.make CMakeFiles/cmTC_5e804.dir/build
make[1]: Entering directory '/home/ollie/freerdp/FreeRDP/CMakeFiles/CMakeTmp'
Building C object CMakeFiles/cmTC_5e804.dir/CheckFunctionExists.c.o
/usr/bin/cc  -I/home/ollie/freerdp/FreeRDP/CMakeFiles/CMakeTmp/backtrace.h  -fPIC -Wall -Wno-unused-result -Wno-unused-but-set-variable -Wno-deprecated-declarations -fvisibility=hidden -Wimplicit-function-declaration -Wredundant-decls -fno-omit-frame-pointer -DWINPR_DLL -DWINPR_DLL -DWINPR_EXPORTS -DCHECK_FUNCTION_EXISTS=backtrace -fPIE   -o CMakeFiles/cmTC_5e804.dir/CheckFunctionExists.c.o   -c /usr/share/cmake-3.16/Modules/CheckFunctionExists.c
Linking C executable cmTC_5e804
/usr/bin/cmake -E cmake_link_script CMakeFiles/cmTC_5e804.dir/link.txt --verbose=1
/usr/bin/cc  -fPIC -Wall -Wno-unused-result -Wno-unused-but-set-variable -Wno-deprecated-declarations -fvisibility=hidden -Wimplicit-function-declaration -Wredundant-decls -fno-omit-frame-pointer -DWINPR_DLL -DWINPR_DLL -DWINPR_EXPORTS -DCHECK_FUNCTION_EXISTS=backtrace    -rdynamic CMakeFiles/cmTC_5e804.dir/CheckFunctionExists.c.o  -o cmTC_5e804  -lrt 
make[1]: Leaving directory '/home/ollie/freerdp/FreeRDP/CMakeFiles/CMakeTmp'



Determining if the XITouchClass exist passed with the following output:
Change Dir: /home/ollie/freerdp/FreeRDP/CMakeFiles/CMakeTmp

Run Build Command(s):/usr/bin/make cmTC_ac4af/fast && /usr/bin/make -f CMakeFiles/cmTC_ac4af.dir/build.make CMakeFiles/cmTC_ac4af.dir/build
make[1]: Entering directory '/home/ollie/freerdp/FreeRDP/CMakeFiles/CMakeTmp'
Building C object CMakeFiles/cmTC_ac4af.dir/CheckSymbolExists.c.o
/usr/bin/cc   -fPIC -Wall -Wno-unused-result -Wno-unused-but-set-variable -Wno-deprecated-declarations -fvisibility=hidden -Wimplicit-function-declaration -Wredundant-decls -fno-omit-frame-pointer -DWINPR_DLL  -fPIE   -o CMakeFiles/cmTC_ac4af.dir/CheckSymbolExists.c.o   -c /home/ollie/freerdp/FreeRDP/CMakeFiles/CMakeTmp/CheckSymbolExists.c
Linking C executable cmTC_ac4af
/usr/bin/cmake -E cmake_link_script CMakeFiles/cmTC_ac4af.dir/link.txt --verbose=1
/usr/bin/cc  -fPIC -Wall -Wno-unused-result -Wno-unused-but-set-variable -Wno-deprecated-declarations -fvisibility=hidden -Wimplicit-function-declaration -Wredundant-decls -fno-omit-frame-pointer -DWINPR_DLL     -rdynamic CMakeFiles/cmTC_ac4af.dir/CheckSymbolExists.c.o  -o cmTC_ac4af 
make[1]: Leaving directory '/home/ollie/freerdp/FreeRDP/CMakeFiles/CMakeTmp'


File /home/ollie/freerdp/FreeRDP/CMakeFiles/CMakeTmp/CheckSymbolExists.c:
/* */
#include </usr/include/X11/extensions/XInput2.h>

int main(int argc, char** argv)
{
  (void)argv;
#ifndef XITouchClass
  return ((int*)(&XITouchClass))[argc];
#else
  (void)argc;
  return 0;
#endif
}
