Performing C SOURCE FILE Test CMAKE_HAVE_LIBC_PTHREAD failed with the following output:
Change Dir: /home/ollie/freerdp/FreeRDP/CMakeFiles/CMakeTmp

Run Build Command(s):/usr/bin/make cmTC_a546b/fast && /usr/bin/make -f CMakeFiles/cmTC_a546b.dir/build.make CMakeFiles/cmTC_a546b.dir/build
make[1]: Entering directory '/home/ollie/freerdp/FreeRDP/CMakeFiles/CMakeTmp'
Building C object CMakeFiles/cmTC_a546b.dir/src.c.o
/usr/bin/cc   -fPIC -Wall -Wno-unused-result -Wno-unused-but-set-variable -Wno-deprecated-declarations -fvisibility=hidden -Wimplicit-function-declaration -Wredundant-decls -DCMAKE_HAVE_LIBC_PTHREAD -fPIE   -o CMakeFiles/cmTC_a546b.dir/src.c.o   -c /home/ollie/freerdp/FreeRDP/CMakeFiles/CMakeTmp/src.c
Linking C executable cmTC_a546b
/usr/bin/cmake -E cmake_link_script CMakeFiles/cmTC_a546b.dir/link.txt --verbose=1
/usr/bin/cc  -fPIC -Wall -Wno-unused-result -Wno-unused-but-set-variable -Wno-deprecated-declarations -fvisibility=hidden -Wimplicit-function-declaration -Wredundant-decls -DCMAKE_HAVE_LIBC_PTHREAD    -rdynamic CMakeFiles/cmTC_a546b.dir/src.c.o  -o cmTC_a546b 
/usr/bin/ld: CMakeFiles/cmTC_a546b.dir/src.c.o: in function `main':
src.c:(.text+0x46): undefined reference to `pthread_create'
/usr/bin/ld: src.c:(.text+0x52): undefined reference to `pthread_detach'
/usr/bin/ld: src.c:(.text+0x63): undefined reference to `pthread_join'
collect2: error: ld returned 1 exit status
make[1]: *** [CMakeFiles/cmTC_a546b.dir/build.make:87: cmTC_a546b] Error 1
make[1]: Leaving directory '/home/ollie/freerdp/FreeRDP/CMakeFiles/CMakeTmp'
make: *** [Makefile:121: cmTC_a546b/fast] Error 2


Source file was:
#include <pthread.h>

void* test_func(void* data)
{
  return data;
}

int main(void)
{
  pthread_t thread;
  pthread_create(&thread, NULL, test_func, NULL);
  pthread_detach(thread);
  pthread_join(thread, NULL);
  pthread_atfork(NULL, NULL, NULL);
  pthread_exit(NULL);

  return 0;
}

Determining if the function pthread_create exists in the pthreads failed with the following output:
Change Dir: /home/ollie/freerdp/FreeRDP/CMakeFiles/CMakeTmp

Run Build Command(s):/usr/bin/make cmTC_199f6/fast && /usr/bin/make -f CMakeFiles/cmTC_199f6.dir/build.make CMakeFiles/cmTC_199f6.dir/build
make[1]: Entering directory '/home/ollie/freerdp/FreeRDP/CMakeFiles/CMakeTmp'
Building C object CMakeFiles/cmTC_199f6.dir/CheckFunctionExists.c.o
/usr/bin/cc   -fPIC -Wall -Wno-unused-result -Wno-unused-but-set-variable -Wno-deprecated-declarations -fvisibility=hidden -Wimplicit-function-declaration -Wredundant-decls -DCHECK_FUNCTION_EXISTS=pthread_create -fPIE   -o CMakeFiles/cmTC_199f6.dir/CheckFunctionExists.c.o   -c /usr/share/cmake-3.16/Modules/CheckFunctionExists.c
Linking C executable cmTC_199f6
/usr/bin/cmake -E cmake_link_script CMakeFiles/cmTC_199f6.dir/link.txt --verbose=1
/usr/bin/cc  -fPIC -Wall -Wno-unused-result -Wno-unused-but-set-variable -Wno-deprecated-declarations -fvisibility=hidden -Wimplicit-function-declaration -Wredundant-decls -DCHECK_FUNCTION_EXISTS=pthread_create    -rdynamic CMakeFiles/cmTC_199f6.dir/CheckFunctionExists.c.o  -o cmTC_199f6  -lpthreads 
/usr/bin/ld: cannot find -lpthreads
collect2: error: ld returned 1 exit status
make[1]: *** [CMakeFiles/cmTC_199f6.dir/build.make:87: cmTC_199f6] Error 1
make[1]: Leaving directory '/home/ollie/freerdp/FreeRDP/CMakeFiles/CMakeTmp'
make: *** [Makefile:121: cmTC_199f6/fast] Error 2



Determining if the pthread_mutex_timedlock exist failed with the following output:
Change Dir: /home/ollie/freerdp/FreeRDP/CMakeFiles/CMakeTmp

Run Build Command(s):/usr/bin/make cmTC_3a30f/fast && /usr/bin/make -f CMakeFiles/cmTC_3a30f.dir/build.make CMakeFiles/cmTC_3a30f.dir/build
make[1]: Entering directory '/home/ollie/freerdp/FreeRDP/CMakeFiles/CMakeTmp'
Building C object CMakeFiles/cmTC_3a30f.dir/CheckSymbolExists.c.o
/usr/bin/cc   -fPIC -Wall -Wno-unused-result -Wno-unused-but-set-variable -Wno-deprecated-declarations -fvisibility=hidden -Wimplicit-function-declaration -Wredundant-decls  -fPIE   -o CMakeFiles/cmTC_3a30f.dir/CheckSymbolExists.c.o   -c /home/ollie/freerdp/FreeRDP/CMakeFiles/CMakeTmp/CheckSymbolExists.c
Linking C executable cmTC_3a30f
/usr/bin/cmake -E cmake_link_script CMakeFiles/cmTC_3a30f.dir/link.txt --verbose=1
/usr/bin/cc  -fPIC -Wall -Wno-unused-result -Wno-unused-but-set-variable -Wno-deprecated-declarations -fvisibility=hidden -Wimplicit-function-declaration -Wredundant-decls     -rdynamic CMakeFiles/cmTC_3a30f.dir/CheckSymbolExists.c.o  -o cmTC_3a30f 
/usr/bin/ld: CMakeFiles/cmTC_3a30f.dir/CheckSymbolExists.c.o: in function `main':
CheckSymbolExists.c:(.text+0x1f): undefined reference to `pthread_mutex_timedlock'
collect2: error: ld returned 1 exit status
make[1]: *** [CMakeFiles/cmTC_3a30f.dir/build.make:87: cmTC_3a30f] Error 1
make[1]: Leaving directory '/home/ollie/freerdp/FreeRDP/CMakeFiles/CMakeTmp'
make: *** [Makefile:121: cmTC_3a30f/fast] Error 2


File /home/ollie/freerdp/FreeRDP/CMakeFiles/CMakeTmp/CheckSymbolExists.c:
/* */
#include <pthread.h>

int main(int argc, char** argv)
{
  (void)argv;
#ifndef pthread_mutex_timedlock
  return ((int*)(&pthread_mutex_timedlock))[argc];
#else
  (void)argc;
  return 0;
#endif
}
Determining if files sys/modem.h exist failed with the following output:
Change Dir: /home/ollie/freerdp/FreeRDP/CMakeFiles/CMakeTmp

Run Build Command(s):/usr/bin/make cmTC_8e3b0/fast && /usr/bin/make -f CMakeFiles/cmTC_8e3b0.dir/build.make CMakeFiles/cmTC_8e3b0.dir/build
make[1]: Entering directory '/home/ollie/freerdp/FreeRDP/CMakeFiles/CMakeTmp'
Building C object CMakeFiles/cmTC_8e3b0.dir/HAVE_SYS_MODEM_H.c.o
/usr/bin/cc   -fPIC -Wall -Wno-unused-result -Wno-unused-but-set-variable -Wno-deprecated-declarations -fvisibility=hidden -Wimplicit-function-declaration -Wredundant-decls -fno-omit-frame-pointer  -fPIE   -o CMakeFiles/cmTC_8e3b0.dir/HAVE_SYS_MODEM_H.c.o   -c /home/ollie/freerdp/FreeRDP/CMakeFiles/CheckIncludeFiles/HAVE_SYS_MODEM_H.c
/home/ollie/freerdp/FreeRDP/CMakeFiles/CheckIncludeFiles/HAVE_SYS_MODEM_H.c:2:10: fatal error: sys/modem.h: No such file or directory
    2 | #include <sys/modem.h>
      |          ^~~~~~~~~~~~~
compilation terminated.
make[1]: *** [CMakeFiles/cmTC_8e3b0.dir/build.make:66: CMakeFiles/cmTC_8e3b0.dir/HAVE_SYS_MODEM_H.c.o] Error 1
make[1]: Leaving directory '/home/ollie/freerdp/FreeRDP/CMakeFiles/CMakeTmp'
make: *** [Makefile:121: cmTC_8e3b0/fast] Error 2


Source:
/* */
#include <sys/modem.h>


int main(void){return 0;}

Determining if files sys/filio.h exist failed with the following output:
Change Dir: /home/ollie/freerdp/FreeRDP/CMakeFiles/CMakeTmp

Run Build Command(s):/usr/bin/make cmTC_51bc1/fast && /usr/bin/make -f CMakeFiles/cmTC_51bc1.dir/build.make CMakeFiles/cmTC_51bc1.dir/build
make[1]: Entering directory '/home/ollie/freerdp/FreeRDP/CMakeFiles/CMakeTmp'
Building C object CMakeFiles/cmTC_51bc1.dir/HAVE_SYS_FILIO_H.c.o
/usr/bin/cc   -fPIC -Wall -Wno-unused-result -Wno-unused-but-set-variable -Wno-deprecated-declarations -fvisibility=hidden -Wimplicit-function-declaration -Wredundant-decls -fno-omit-frame-pointer  -fPIE   -o CMakeFiles/cmTC_51bc1.dir/HAVE_SYS_FILIO_H.c.o   -c /home/ollie/freerdp/FreeRDP/CMakeFiles/CheckIncludeFiles/HAVE_SYS_FILIO_H.c
/home/ollie/freerdp/FreeRDP/CMakeFiles/CheckIncludeFiles/HAVE_SYS_FILIO_H.c:2:10: fatal error: sys/filio.h: No such file or directory
    2 | #include <sys/filio.h>
      |          ^~~~~~~~~~~~~
compilation terminated.
make[1]: *** [CMakeFiles/cmTC_51bc1.dir/build.make:66: CMakeFiles/cmTC_51bc1.dir/HAVE_SYS_FILIO_H.c.o] Error 1
make[1]: Leaving directory '/home/ollie/freerdp/FreeRDP/CMakeFiles/CMakeTmp'
make: *** [Makefile:121: cmTC_51bc1/fast] Error 2


Source:
/* */
#include <sys/filio.h>


int main(void){return 0;}

Determining if files sys/sockio.h exist failed with the following output:
Change Dir: /home/ollie/freerdp/FreeRDP/CMakeFiles/CMakeTmp

Run Build Command(s):/usr/bin/make cmTC_92e12/fast && /usr/bin/make -f CMakeFiles/cmTC_92e12.dir/build.make CMakeFiles/cmTC_92e12.dir/build
make[1]: Entering directory '/home/ollie/freerdp/FreeRDP/CMakeFiles/CMakeTmp'
Building C object CMakeFiles/cmTC_92e12.dir/HAVE_SYS_SOCKIO_H.c.o
/usr/bin/cc   -fPIC -Wall -Wno-unused-result -Wno-unused-but-set-variable -Wno-deprecated-declarations -fvisibility=hidden -Wimplicit-function-declaration -Wredundant-decls -fno-omit-frame-pointer  -fPIE   -o CMakeFiles/cmTC_92e12.dir/HAVE_SYS_SOCKIO_H.c.o   -c /home/ollie/freerdp/FreeRDP/CMakeFiles/CheckIncludeFiles/HAVE_SYS_SOCKIO_H.c
/home/ollie/freerdp/FreeRDP/CMakeFiles/CheckIncludeFiles/HAVE_SYS_SOCKIO_H.c:2:10: fatal error: sys/sockio.h: No such file or directory
    2 | #include <sys/sockio.h>
      |          ^~~~~~~~~~~~~~
compilation terminated.
make[1]: *** [CMakeFiles/cmTC_92e12.dir/build.make:66: CMakeFiles/cmTC_92e12.dir/HAVE_SYS_SOCKIO_H.c.o] Error 1
make[1]: Leaving directory '/home/ollie/freerdp/FreeRDP/CMakeFiles/CMakeTmp'
make: *** [Makefile:121: cmTC_92e12/fast] Error 2


Source:
/* */
#include <sys/sockio.h>


int main(void){return 0;}

Determining if files sys/strtio.h exist failed with the following output:
Change Dir: /home/ollie/freerdp/FreeRDP/CMakeFiles/CMakeTmp

Run Build Command(s):/usr/bin/make cmTC_4218e/fast && /usr/bin/make -f CMakeFiles/cmTC_4218e.dir/build.make CMakeFiles/cmTC_4218e.dir/build
make[1]: Entering directory '/home/ollie/freerdp/FreeRDP/CMakeFiles/CMakeTmp'
Building C object CMakeFiles/cmTC_4218e.dir/HAVE_SYS_STRTIO_H.c.o
/usr/bin/cc   -fPIC -Wall -Wno-unused-result -Wno-unused-but-set-variable -Wno-deprecated-declarations -fvisibility=hidden -Wimplicit-function-declaration -Wredundant-decls -fno-omit-frame-pointer  -fPIE   -o CMakeFiles/cmTC_4218e.dir/HAVE_SYS_STRTIO_H.c.o   -c /home/ollie/freerdp/FreeRDP/CMakeFiles/CheckIncludeFiles/HAVE_SYS_STRTIO_H.c
/home/ollie/freerdp/FreeRDP/CMakeFiles/CheckIncludeFiles/HAVE_SYS_STRTIO_H.c:2:10: fatal error: sys/strtio.h: No such file or directory
    2 | #include <sys/strtio.h>
      |          ^~~~~~~~~~~~~~
compilation terminated.
make[1]: *** [CMakeFiles/cmTC_4218e.dir/build.make:66: CMakeFiles/cmTC_4218e.dir/HAVE_SYS_STRTIO_H.c.o] Error 1
make[1]: Leaving directory '/home/ollie/freerdp/FreeRDP/CMakeFiles/CMakeTmp'
make: *** [Makefile:121: cmTC_4218e/fast] Error 2


Source:
/* */
#include <sys/strtio.h>


int main(void){return 0;}

